2020-08-21 10:21:24,875 [Worker-1: Loading available Gradle versions] INFO  o.e.b.c.i.u.g.PublishedGradleVersions - Gradle version information cache is up-to-date. Trying to read.
2020-08-21 10:28:59,612 [Worker-3: Importing Maven projects] INFO  o.e.m.c.i.l.LifecycleMappingFactory - Using org.eclipse.m2e.jdt.JarLifecycleMapping lifecycle mapping for MavenProject: com.qdm.cs:qdm-care-supervisor:0.0.1-SNAPSHOT @ D:\Prodian Regardings\Latest Code\CareSupervisor-UserManagement--master\CareSupervisor-UserManagement--master\qdm-care-supervisor\pom.xml.
2020-08-21 10:29:03,372 [Worker-3: Importing Maven projects] INFO  o.e.m.j.i.AbstractJavaProjectConfigurator - Adding source folder /qdm-care-supervisor/src/main/java
2020-08-21 10:29:03,373 [Worker-3: Importing Maven projects] INFO  o.e.m.j.i.AbstractJavaProjectConfigurator - Adding resource folder /qdm-care-supervisor/src/main/resources
2020-08-21 10:29:03,382 [Worker-3: Importing Maven projects] INFO  o.e.m.j.i.AbstractJavaProjectConfigurator - Adding resource folder /qdm-care-supervisor/src/main/resources
2020-08-21 10:29:03,391 [Worker-3: Importing Maven projects] INFO  o.e.m.j.i.AbstractJavaProjectConfigurator - Adding source folder /qdm-care-supervisor/src/test/java
2020-08-21 10:29:06,647 [Worker-3: Importing Maven projects] INFO  o.e.m.c.i.p.ProjectConfigurationManager - Imported and configured 1 project(s) in 10 sec
2020-08-21 10:29:13,272 [Worker-13: Building workspace] INFO  o.e.m.c.i.embedder.EclipseLogger - Using 'UTF-8' encoding to copy filtered resources.
2020-08-21 10:29:13,279 [Worker-13: Building workspace] INFO  o.e.m.c.i.embedder.EclipseLogger - Copying 2 resources
2020-08-21 10:29:13,313 [Worker-13: Building workspace] INFO  o.e.m.c.i.embedder.EclipseLogger - Copying 1 resource
2020-08-21 10:29:13,331 [Worker-13: Building workspace] INFO  o.e.m.c.i.embedder.EclipseLogger - Using 'UTF-8' encoding to copy filtered resources.
2020-08-21 10:29:13,331 [Worker-13: Building workspace] INFO  o.e.m.c.i.embedder.EclipseLogger - skip non existing resourceDirectory D:\Prodian Regardings\Latest Code\CareSupervisor-UserManagement--master\CareSupervisor-UserManagement--master\qdm-care-supervisor\src\test\resources
2020-08-21 10:32:31,573 [Worker-15: Importing Maven projects] INFO  o.e.m.c.i.l.LifecycleMappingFactory - Using org.eclipse.m2e.jdt.JarLifecycleMapping lifecycle mapping for MavenProject: com.qdm.cg:qdm-care-giver-clients:0.0.1-SNAPSHOT @ D:\Prodian Regardings\Latest Code\qdm-care-giver-clients\pom.xml.
2020-08-21 10:32:32,011 [Worker-15: Importing Maven projects] INFO  o.e.m.j.i.AbstractJavaProjectConfigurator - Adding source folder /qdm-care-giver-clients/src/main/java
2020-08-21 10:32:32,011 [Worker-15: Importing Maven projects] INFO  o.e.m.j.i.AbstractJavaProjectConfigurator - Adding resource folder /qdm-care-giver-clients/src/main/resources
2020-08-21 10:32:32,011 [Worker-15: Importing Maven projects] INFO  o.e.m.j.i.AbstractJavaProjectConfigurator - Adding resource folder /qdm-care-giver-clients/src/main/resources
2020-08-21 10:32:32,012 [Worker-15: Importing Maven projects] INFO  o.e.m.j.i.AbstractJavaProjectConfigurator - Adding source folder /qdm-care-giver-clients/src/test/java
2020-08-21 10:32:32,098 [Worker-15: Importing Maven projects] INFO  o.e.m.c.i.p.ProjectConfigurationManager - Imported and configured 1 project(s) in 1 sec
2020-08-21 10:32:33,938 [Worker-15: Building workspace] INFO  o.e.m.c.i.embedder.EclipseLogger - Using 'UTF-8' encoding to copy filtered resources.
2020-08-21 10:32:33,939 [Worker-15: Building workspace] INFO  o.e.m.c.i.embedder.EclipseLogger - Copying 2 resources
2020-08-21 10:32:33,947 [Worker-15: Building workspace] INFO  o.e.m.c.i.embedder.EclipseLogger - Copying 1 resource
2020-08-21 10:32:33,954 [Worker-15: Building workspace] INFO  o.e.m.c.i.embedder.EclipseLogger - Using 'UTF-8' encoding to copy filtered resources.
2020-08-21 10:32:33,954 [Worker-15: Building workspace] INFO  o.e.m.c.i.embedder.EclipseLogger - skip non existing resourceDirectory D:\Prodian Regardings\Latest Code\qdm-care-giver-clients\src\test\resources
