2020-08-17 16:36:01 [restartedMain] INFO  c.q.c.QdmCareGiverClientsApplication - Starting QdmCareGiverClientsApplication on LAPTOP-GBKRVFU8 with PID 12696 (C:\Users\nandh\git\repository\qdm-care-giver-clients\target\classes started by nandh in C:\Users\nandh\git\repository\qdm-care-giver-clients)
2020-08-17 16:36:01 [restartedMain] DEBUG c.q.c.QdmCareGiverClientsApplication - Running with Spring Boot v2.3.2.RELEASE, Spring v5.2.8.RELEASE
2020-08-17 16:36:01 [restartedMain] INFO  c.q.c.QdmCareGiverClientsApplication - The following profiles are active: dev
2020-08-17 16:36:04 [restartedMain] INFO  c.q.c.QdmCareGiverClientsApplication - Started QdmCareGiverClientsApplication in 3.879 seconds (JVM running for 4.637)
2020-08-17 16:40:03 [http-nio-9999-exec-2] INFO  c.q.c.c.controller.ClientsController - Client Created Successfully With ClientId : 1
2020-08-17 16:41:07 [restartedMain] INFO  c.q.c.QdmCareGiverClientsApplication - Starting QdmCareGiverClientsApplication on LAPTOP-GBKRVFU8 with PID 12696 (C:\Users\nandh\git\repository\qdm-care-giver-clients\target\classes started by nandh in C:\Users\nandh\git\repository\qdm-care-giver-clients)
2020-08-17 16:41:07 [restartedMain] DEBUG c.q.c.QdmCareGiverClientsApplication - Running with Spring Boot v2.3.2.RELEASE, Spring v5.2.8.RELEASE
2020-08-17 16:41:07 [restartedMain] INFO  c.q.c.QdmCareGiverClientsApplication - The following profiles are active: dev
2020-08-17 16:41:08 [restartedMain] INFO  c.q.c.QdmCareGiverClientsApplication - Started QdmCareGiverClientsApplication in 0.944 seconds (JVM running for 307.965)
2020-08-17 16:41:25 [restartedMain] INFO  c.q.c.QdmCareGiverClientsApplication - Starting QdmCareGiverClientsApplication on LAPTOP-GBKRVFU8 with PID 12696 (C:\Users\nandh\git\repository\qdm-care-giver-clients\target\classes started by nandh in C:\Users\nandh\git\repository\qdm-care-giver-clients)
2020-08-17 16:41:25 [restartedMain] DEBUG c.q.c.QdmCareGiverClientsApplication - Running with Spring Boot v2.3.2.RELEASE, Spring v5.2.8.RELEASE
2020-08-17 16:41:25 [restartedMain] INFO  c.q.c.QdmCareGiverClientsApplication - The following profiles are active: dev
2020-08-17 16:41:25 [restartedMain] INFO  c.q.c.QdmCareGiverClientsApplication - Started QdmCareGiverClientsApplication in 0.884 seconds (JVM running for 325.759)
2020-08-17 16:41:35 [restartedMain] INFO  c.q.c.QdmCareGiverClientsApplication - Starting QdmCareGiverClientsApplication on LAPTOP-GBKRVFU8 with PID 12696 (C:\Users\nandh\git\repository\qdm-care-giver-clients\target\classes started by nandh in C:\Users\nandh\git\repository\qdm-care-giver-clients)
2020-08-17 16:41:35 [restartedMain] DEBUG c.q.c.QdmCareGiverClientsApplication - Running with Spring Boot v2.3.2.RELEASE, Spring v5.2.8.RELEASE
2020-08-17 16:41:35 [restartedMain] INFO  c.q.c.QdmCareGiverClientsApplication - The following profiles are active: dev
2020-08-17 16:41:36 [restartedMain] INFO  c.q.c.QdmCareGiverClientsApplication - Started QdmCareGiverClientsApplication in 0.827 seconds (JVM running for 336.332)
2020-08-17 16:41:41 [restartedMain] INFO  c.q.c.QdmCareGiverClientsApplication - Starting QdmCareGiverClientsApplication on LAPTOP-GBKRVFU8 with PID 12696 (C:\Users\nandh\git\repository\qdm-care-giver-clients\target\classes started by nandh in C:\Users\nandh\git\repository\qdm-care-giver-clients)
2020-08-17 16:41:41 [restartedMain] DEBUG c.q.c.QdmCareGiverClientsApplication - Running with Spring Boot v2.3.2.RELEASE, Spring v5.2.8.RELEASE
2020-08-17 16:41:41 [restartedMain] INFO  c.q.c.QdmCareGiverClientsApplication - The following profiles are active: dev
2020-08-17 16:41:42 [restartedMain] INFO  c.q.c.QdmCareGiverClientsApplication - Started QdmCareGiverClientsApplication in 0.918 seconds (JVM running for 342.032)
2020-08-17 16:41:49 [restartedMain] INFO  c.q.c.QdmCareGiverClientsApplication - Starting QdmCareGiverClientsApplication on LAPTOP-GBKRVFU8 with PID 12696 (C:\Users\nandh\git\repository\qdm-care-giver-clients\target\classes started by nandh in C:\Users\nandh\git\repository\qdm-care-giver-clients)
2020-08-17 16:41:49 [restartedMain] DEBUG c.q.c.QdmCareGiverClientsApplication - Running with Spring Boot v2.3.2.RELEASE, Spring v5.2.8.RELEASE
2020-08-17 16:41:49 [restartedMain] INFO  c.q.c.QdmCareGiverClientsApplication - The following profiles are active: dev
2020-08-17 16:41:50 [restartedMain] INFO  c.q.c.QdmCareGiverClientsApplication - Started QdmCareGiverClientsApplication in 0.813 seconds (JVM running for 350.574)
2020-08-17 16:42:23 [restartedMain] INFO  c.q.c.QdmCareGiverClientsApplication - Starting QdmCareGiverClientsApplication on LAPTOP-GBKRVFU8 with PID 12696 (C:\Users\nandh\git\repository\qdm-care-giver-clients\target\classes started by nandh in C:\Users\nandh\git\repository\qdm-care-giver-clients)
2020-08-17 16:42:23 [restartedMain] DEBUG c.q.c.QdmCareGiverClientsApplication - Running with Spring Boot v2.3.2.RELEASE, Spring v5.2.8.RELEASE
2020-08-17 16:42:23 [restartedMain] INFO  c.q.c.QdmCareGiverClientsApplication - The following profiles are active: dev
2020-08-17 16:42:24 [restartedMain] INFO  c.q.c.QdmCareGiverClientsApplication - Started QdmCareGiverClientsApplication in 0.744 seconds (JVM running for 384.457)
2020-08-17 16:42:29 [http-nio-9999-exec-2] INFO  c.q.c.c.controller.ClientsController - Client Created Successfully With ClientId : 1
2020-08-17 16:42:41 [http-nio-9999-exec-3] INFO  c.q.c.c.controller.ClientsController - Clients List [{gender=Male, clientName=test, age=10}]
2020-08-17 16:44:09 [restartedMain] INFO  c.q.c.QdmCareGiverClientsApplication - Starting QdmCareGiverClientsApplication on LAPTOP-GBKRVFU8 with PID 12696 (C:\Users\nandh\git\repository\qdm-care-giver-clients\target\classes started by nandh in C:\Users\nandh\git\repository\qdm-care-giver-clients)
2020-08-17 16:44:09 [restartedMain] DEBUG c.q.c.QdmCareGiverClientsApplication - Running with Spring Boot v2.3.2.RELEASE, Spring v5.2.8.RELEASE
2020-08-17 16:44:09 [restartedMain] INFO  c.q.c.QdmCareGiverClientsApplication - The following profiles are active: dev
2020-08-17 16:44:10 [restartedMain] INFO  c.q.c.QdmCareGiverClientsApplication - Started QdmCareGiverClientsApplication in 0.822 seconds (JVM running for 490.368)
2020-08-17 16:44:27 [restartedMain] INFO  c.q.c.QdmCareGiverClientsApplication - Starting QdmCareGiverClientsApplication on LAPTOP-GBKRVFU8 with PID 12696 (C:\Users\nandh\git\repository\qdm-care-giver-clients\target\classes started by nandh in C:\Users\nandh\git\repository\qdm-care-giver-clients)
2020-08-17 16:44:27 [restartedMain] DEBUG c.q.c.QdmCareGiverClientsApplication - Running with Spring Boot v2.3.2.RELEASE, Spring v5.2.8.RELEASE
2020-08-17 16:44:27 [restartedMain] INFO  c.q.c.QdmCareGiverClientsApplication - The following profiles are active: dev
2020-08-17 16:44:28 [restartedMain] INFO  c.q.c.QdmCareGiverClientsApplication - Started QdmCareGiverClientsApplication in 0.749 seconds (JVM running for 508.032)
2020-08-17 16:44:32 [restartedMain] INFO  c.q.c.QdmCareGiverClientsApplication - Starting QdmCareGiverClientsApplication on LAPTOP-GBKRVFU8 with PID 12696 (C:\Users\nandh\git\repository\qdm-care-giver-clients\target\classes started by nandh in C:\Users\nandh\git\repository\qdm-care-giver-clients)
2020-08-17 16:44:32 [restartedMain] DEBUG c.q.c.QdmCareGiverClientsApplication - Running with Spring Boot v2.3.2.RELEASE, Spring v5.2.8.RELEASE
2020-08-17 16:44:32 [restartedMain] INFO  c.q.c.QdmCareGiverClientsApplication - The following profiles are active: dev
2020-08-17 16:44:33 [restartedMain] INFO  c.q.c.QdmCareGiverClientsApplication - Started QdmCareGiverClientsApplication in 0.849 seconds (JVM running for 513.56)
2020-08-17 16:44:43 [restartedMain] INFO  c.q.c.QdmCareGiverClientsApplication - Starting QdmCareGiverClientsApplication on LAPTOP-GBKRVFU8 with PID 12696 (C:\Users\nandh\git\repository\qdm-care-giver-clients\target\classes started by nandh in C:\Users\nandh\git\repository\qdm-care-giver-clients)
2020-08-17 16:44:43 [restartedMain] DEBUG c.q.c.QdmCareGiverClientsApplication - Running with Spring Boot v2.3.2.RELEASE, Spring v5.2.8.RELEASE
2020-08-17 16:44:43 [restartedMain] INFO  c.q.c.QdmCareGiverClientsApplication - The following profiles are active: dev
2020-08-17 16:44:44 [restartedMain] INFO  c.q.c.QdmCareGiverClientsApplication - Started QdmCareGiverClientsApplication in 0.752 seconds (JVM running for 524.088)
2020-08-17 16:44:57 [restartedMain] INFO  c.q.c.QdmCareGiverClientsApplication - Starting QdmCareGiverClientsApplication on LAPTOP-GBKRVFU8 with PID 12696 (C:\Users\nandh\git\repository\qdm-care-giver-clients\target\classes started by nandh in C:\Users\nandh\git\repository\qdm-care-giver-clients)
2020-08-17 16:44:57 [restartedMain] DEBUG c.q.c.QdmCareGiverClientsApplication - Running with Spring Boot v2.3.2.RELEASE, Spring v5.2.8.RELEASE
2020-08-17 16:44:57 [restartedMain] INFO  c.q.c.QdmCareGiverClientsApplication - The following profiles are active: dev
2020-08-17 16:44:57 [restartedMain] INFO  c.q.c.QdmCareGiverClientsApplication - Started QdmCareGiverClientsApplication in 0.769 seconds (JVM running for 537.652)
2020-08-17 16:45:01 [restartedMain] INFO  c.q.c.QdmCareGiverClientsApplication - Starting QdmCareGiverClientsApplication on LAPTOP-GBKRVFU8 with PID 12696 (C:\Users\nandh\git\repository\qdm-care-giver-clients\target\classes started by nandh in C:\Users\nandh\git\repository\qdm-care-giver-clients)
2020-08-17 16:45:01 [restartedMain] DEBUG c.q.c.QdmCareGiverClientsApplication - Running with Spring Boot v2.3.2.RELEASE, Spring v5.2.8.RELEASE
2020-08-17 16:45:01 [restartedMain] INFO  c.q.c.QdmCareGiverClientsApplication - The following profiles are active: dev
2020-08-17 16:45:02 [restartedMain] INFO  c.q.c.QdmCareGiverClientsApplication - Started QdmCareGiverClientsApplication in 0.716 seconds (JVM running for 542.051)
2020-08-17 16:45:05 [restartedMain] INFO  c.q.c.QdmCareGiverClientsApplication - Starting QdmCareGiverClientsApplication on LAPTOP-GBKRVFU8 with PID 12696 (C:\Users\nandh\git\repository\qdm-care-giver-clients\target\classes started by nandh in C:\Users\nandh\git\repository\qdm-care-giver-clients)
2020-08-17 16:45:05 [restartedMain] DEBUG c.q.c.QdmCareGiverClientsApplication - Running with Spring Boot v2.3.2.RELEASE, Spring v5.2.8.RELEASE
2020-08-17 16:45:05 [restartedMain] INFO  c.q.c.QdmCareGiverClientsApplication - The following profiles are active: dev
2020-08-17 16:45:06 [restartedMain] INFO  c.q.c.QdmCareGiverClientsApplication - Started QdmCareGiverClientsApplication in 0.929 seconds (JVM running for 546.667)
2020-08-17 16:47:20 [restartedMain] INFO  c.q.c.QdmCareGiverClientsApplication - Starting QdmCareGiverClientsApplication on LAPTOP-GBKRVFU8 with PID 12696 (C:\Users\nandh\git\repository\qdm-care-giver-clients\target\classes started by nandh in C:\Users\nandh\git\repository\qdm-care-giver-clients)
2020-08-17 16:47:20 [restartedMain] DEBUG c.q.c.QdmCareGiverClientsApplication - Running with Spring Boot v2.3.2.RELEASE, Spring v5.2.8.RELEASE
2020-08-17 16:47:20 [restartedMain] INFO  c.q.c.QdmCareGiverClientsApplication - The following profiles are active: dev
2020-08-17 16:47:21 [restartedMain] INFO  c.q.c.QdmCareGiverClientsApplication - Started QdmCareGiverClientsApplication in 1.056 seconds (JVM running for 681.069)
2020-08-17 16:47:26 [restartedMain] INFO  c.q.c.QdmCareGiverClientsApplication - Starting QdmCareGiverClientsApplication on LAPTOP-GBKRVFU8 with PID 12696 (C:\Users\nandh\git\repository\qdm-care-giver-clients\target\classes started by nandh in C:\Users\nandh\git\repository\qdm-care-giver-clients)
2020-08-17 16:47:26 [restartedMain] DEBUG c.q.c.QdmCareGiverClientsApplication - Running with Spring Boot v2.3.2.RELEASE, Spring v5.2.8.RELEASE
2020-08-17 16:47:26 [restartedMain] INFO  c.q.c.QdmCareGiverClientsApplication - The following profiles are active: dev
2020-08-17 16:47:27 [restartedMain] INFO  c.q.c.QdmCareGiverClientsApplication - Started QdmCareGiverClientsApplication in 1.082 seconds (JVM running for 686.971)
2020-08-17 16:47:44 [restartedMain] INFO  c.q.c.QdmCareGiverClientsApplication - Starting QdmCareGiverClientsApplication on LAPTOP-GBKRVFU8 with PID 12696 (C:\Users\nandh\git\repository\qdm-care-giver-clients\target\classes started by nandh in C:\Users\nandh\git\repository\qdm-care-giver-clients)
2020-08-17 16:47:44 [restartedMain] DEBUG c.q.c.QdmCareGiverClientsApplication - Running with Spring Boot v2.3.2.RELEASE, Spring v5.2.8.RELEASE
2020-08-17 16:47:44 [restartedMain] INFO  c.q.c.QdmCareGiverClientsApplication - The following profiles are active: dev
2020-08-17 16:47:45 [restartedMain] INFO  c.q.c.QdmCareGiverClientsApplication - Started QdmCareGiverClientsApplication in 0.969 seconds (JVM running for 705.076)
2020-08-17 16:47:54 [restartedMain] INFO  c.q.c.QdmCareGiverClientsApplication - Starting QdmCareGiverClientsApplication on LAPTOP-GBKRVFU8 with PID 12696 (C:\Users\nandh\git\repository\qdm-care-giver-clients\target\classes started by nandh in C:\Users\nandh\git\repository\qdm-care-giver-clients)
2020-08-17 16:47:54 [restartedMain] DEBUG c.q.c.QdmCareGiverClientsApplication - Running with Spring Boot v2.3.2.RELEASE, Spring v5.2.8.RELEASE
2020-08-17 16:47:54 [restartedMain] INFO  c.q.c.QdmCareGiverClientsApplication - The following profiles are active: dev
2020-08-17 16:47:55 [restartedMain] INFO  c.q.c.QdmCareGiverClientsApplication - Started QdmCareGiverClientsApplication in 0.923 seconds (JVM running for 714.884)
2020-08-17 16:48:10 [restartedMain] INFO  c.q.c.QdmCareGiverClientsApplication - Starting QdmCareGiverClientsApplication on LAPTOP-GBKRVFU8 with PID 12696 (C:\Users\nandh\git\repository\qdm-care-giver-clients\target\classes started by nandh in C:\Users\nandh\git\repository\qdm-care-giver-clients)
2020-08-17 16:48:10 [restartedMain] DEBUG c.q.c.QdmCareGiverClientsApplication - Running with Spring Boot v2.3.2.RELEASE, Spring v5.2.8.RELEASE
2020-08-17 16:48:10 [restartedMain] INFO  c.q.c.QdmCareGiverClientsApplication - The following profiles are active: dev
2020-08-17 16:48:11 [restartedMain] INFO  c.q.c.QdmCareGiverClientsApplication - Started QdmCareGiverClientsApplication in 1.012 seconds (JVM running for 730.993)
2020-08-17 16:48:37 [restartedMain] INFO  c.q.c.QdmCareGiverClientsApplication - Starting QdmCareGiverClientsApplication on LAPTOP-GBKRVFU8 with PID 12696 (C:\Users\nandh\git\repository\qdm-care-giver-clients\target\classes started by nandh in C:\Users\nandh\git\repository\qdm-care-giver-clients)
2020-08-17 16:48:37 [restartedMain] DEBUG c.q.c.QdmCareGiverClientsApplication - Running with Spring Boot v2.3.2.RELEASE, Spring v5.2.8.RELEASE
2020-08-17 16:48:37 [restartedMain] INFO  c.q.c.QdmCareGiverClientsApplication - The following profiles are active: dev
2020-08-17 16:48:38 [restartedMain] INFO  c.q.c.QdmCareGiverClientsApplication - Started QdmCareGiverClientsApplication in 1.002 seconds (JVM running for 758.283)
2020-08-17 16:48:49 [restartedMain] INFO  c.q.c.QdmCareGiverClientsApplication - Starting QdmCareGiverClientsApplication on LAPTOP-GBKRVFU8 with PID 12696 (C:\Users\nandh\git\repository\qdm-care-giver-clients\target\classes started by nandh in C:\Users\nandh\git\repository\qdm-care-giver-clients)
2020-08-17 16:48:49 [restartedMain] DEBUG c.q.c.QdmCareGiverClientsApplication - Running with Spring Boot v2.3.2.RELEASE, Spring v5.2.8.RELEASE
2020-08-17 16:48:49 [restartedMain] INFO  c.q.c.QdmCareGiverClientsApplication - The following profiles are active: dev
2020-08-17 16:48:50 [restartedMain] INFO  c.q.c.QdmCareGiverClientsApplication - Started QdmCareGiverClientsApplication in 0.991 seconds (JVM running for 770.194)
2020-08-17 16:48:56 [restartedMain] INFO  c.q.c.QdmCareGiverClientsApplication - Starting QdmCareGiverClientsApplication on LAPTOP-GBKRVFU8 with PID 12696 (C:\Users\nandh\git\repository\qdm-care-giver-clients\target\classes started by nandh in C:\Users\nandh\git\repository\qdm-care-giver-clients)
2020-08-17 16:48:56 [restartedMain] DEBUG c.q.c.QdmCareGiverClientsApplication - Running with Spring Boot v2.3.2.RELEASE, Spring v5.2.8.RELEASE
2020-08-17 16:48:56 [restartedMain] INFO  c.q.c.QdmCareGiverClientsApplication - The following profiles are active: dev
2020-08-17 16:48:57 [restartedMain] INFO  c.q.c.QdmCareGiverClientsApplication - Started QdmCareGiverClientsApplication in 0.841 seconds (JVM running for 776.833)
2020-08-17 16:49:08 [restartedMain] INFO  c.q.c.QdmCareGiverClientsApplication - Starting QdmCareGiverClientsApplication on LAPTOP-GBKRVFU8 with PID 12696 (C:\Users\nandh\git\repository\qdm-care-giver-clients\target\classes started by nandh in C:\Users\nandh\git\repository\qdm-care-giver-clients)
2020-08-17 16:49:08 [restartedMain] DEBUG c.q.c.QdmCareGiverClientsApplication - Running with Spring Boot v2.3.2.RELEASE, Spring v5.2.8.RELEASE
2020-08-17 16:49:08 [restartedMain] INFO  c.q.c.QdmCareGiverClientsApplication - The following profiles are active: dev
2020-08-17 16:49:09 [restartedMain] INFO  c.q.c.QdmCareGiverClientsApplication - Started QdmCareGiverClientsApplication in 0.839 seconds (JVM running for 789.589)
2020-08-17 16:49:21 [restartedMain] INFO  c.q.c.QdmCareGiverClientsApplication - Starting QdmCareGiverClientsApplication on LAPTOP-GBKRVFU8 with PID 12696 (C:\Users\nandh\git\repository\qdm-care-giver-clients\target\classes started by nandh in C:\Users\nandh\git\repository\qdm-care-giver-clients)
2020-08-17 16:49:21 [restartedMain] DEBUG c.q.c.QdmCareGiverClientsApplication - Running with Spring Boot v2.3.2.RELEASE, Spring v5.2.8.RELEASE
2020-08-17 16:49:21 [restartedMain] INFO  c.q.c.QdmCareGiverClientsApplication - The following profiles are active: dev
2020-08-17 16:49:22 [restartedMain] INFO  c.q.c.QdmCareGiverClientsApplication - Started QdmCareGiverClientsApplication in 0.942 seconds (JVM running for 802.492)
2020-08-17 16:49:31 [restartedMain] INFO  c.q.c.QdmCareGiverClientsApplication - Starting QdmCareGiverClientsApplication on LAPTOP-GBKRVFU8 with PID 12696 (C:\Users\nandh\git\repository\qdm-care-giver-clients\target\classes started by nandh in C:\Users\nandh\git\repository\qdm-care-giver-clients)
2020-08-17 16:49:31 [restartedMain] DEBUG c.q.c.QdmCareGiverClientsApplication - Running with Spring Boot v2.3.2.RELEASE, Spring v5.2.8.RELEASE
2020-08-17 16:49:31 [restartedMain] INFO  c.q.c.QdmCareGiverClientsApplication - The following profiles are active: dev
2020-08-17 16:49:32 [restartedMain] INFO  c.q.c.QdmCareGiverClientsApplication - Started QdmCareGiverClientsApplication in 0.804 seconds (JVM running for 812.23)
2020-08-17 16:49:44 [restartedMain] INFO  c.q.c.QdmCareGiverClientsApplication - Starting QdmCareGiverClientsApplication on LAPTOP-GBKRVFU8 with PID 12696 (C:\Users\nandh\git\repository\qdm-care-giver-clients\target\classes started by nandh in C:\Users\nandh\git\repository\qdm-care-giver-clients)
2020-08-17 16:49:44 [restartedMain] DEBUG c.q.c.QdmCareGiverClientsApplication - Running with Spring Boot v2.3.2.RELEASE, Spring v5.2.8.RELEASE
2020-08-17 16:49:44 [restartedMain] INFO  c.q.c.QdmCareGiverClientsApplication - The following profiles are active: dev
2020-08-17 16:49:45 [restartedMain] INFO  c.q.c.QdmCareGiverClientsApplication - Started QdmCareGiverClientsApplication in 0.989 seconds (JVM running for 825.141)
2020-08-17 16:49:51 [restartedMain] INFO  c.q.c.QdmCareGiverClientsApplication - Starting QdmCareGiverClientsApplication on LAPTOP-GBKRVFU8 with PID 12696 (C:\Users\nandh\git\repository\qdm-care-giver-clients\target\classes started by nandh in C:\Users\nandh\git\repository\qdm-care-giver-clients)
2020-08-17 16:49:51 [restartedMain] DEBUG c.q.c.QdmCareGiverClientsApplication - Running with Spring Boot v2.3.2.RELEASE, Spring v5.2.8.RELEASE
2020-08-17 16:49:51 [restartedMain] INFO  c.q.c.QdmCareGiverClientsApplication - The following profiles are active: dev
2020-08-17 16:49:51 [restartedMain] INFO  c.q.c.QdmCareGiverClientsApplication - Started QdmCareGiverClientsApplication in 0.826 seconds (JVM running for 831.743)
2020-08-17 16:50:14 [restartedMain] INFO  c.q.c.QdmCareGiverClientsApplication - Starting QdmCareGiverClientsApplication on LAPTOP-GBKRVFU8 with PID 12696 (C:\Users\nandh\git\repository\qdm-care-giver-clients\target\classes started by nandh in C:\Users\nandh\git\repository\qdm-care-giver-clients)
2020-08-17 16:50:14 [restartedMain] DEBUG c.q.c.QdmCareGiverClientsApplication - Running with Spring Boot v2.3.2.RELEASE, Spring v5.2.8.RELEASE
2020-08-17 16:50:14 [restartedMain] INFO  c.q.c.QdmCareGiverClientsApplication - The following profiles are active: dev
2020-08-17 16:50:15 [restartedMain] INFO  c.q.c.QdmCareGiverClientsApplication - Started QdmCareGiverClientsApplication in 0.98 seconds (JVM running for 854.987)
2020-08-17 16:50:34 [restartedMain] INFO  c.q.c.QdmCareGiverClientsApplication - Starting QdmCareGiverClientsApplication on LAPTOP-GBKRVFU8 with PID 12696 (C:\Users\nandh\git\repository\qdm-care-giver-clients\target\classes started by nandh in C:\Users\nandh\git\repository\qdm-care-giver-clients)
2020-08-17 16:50:34 [restartedMain] DEBUG c.q.c.QdmCareGiverClientsApplication - Running with Spring Boot v2.3.2.RELEASE, Spring v5.2.8.RELEASE
2020-08-17 16:50:34 [restartedMain] INFO  c.q.c.QdmCareGiverClientsApplication - The following profiles are active: dev
2020-08-17 16:50:35 [restartedMain] INFO  c.q.c.QdmCareGiverClientsApplication - Started QdmCareGiverClientsApplication in 0.993 seconds (JVM running for 875.157)
2020-08-17 16:50:50 [restartedMain] INFO  c.q.c.QdmCareGiverClientsApplication - Starting QdmCareGiverClientsApplication on LAPTOP-GBKRVFU8 with PID 12696 (C:\Users\nandh\git\repository\qdm-care-giver-clients\target\classes started by nandh in C:\Users\nandh\git\repository\qdm-care-giver-clients)
2020-08-17 16:50:50 [restartedMain] DEBUG c.q.c.QdmCareGiverClientsApplication - Running with Spring Boot v2.3.2.RELEASE, Spring v5.2.8.RELEASE
2020-08-17 16:50:50 [restartedMain] INFO  c.q.c.QdmCareGiverClientsApplication - The following profiles are active: dev
2020-08-17 16:50:51 [restartedMain] INFO  c.q.c.QdmCareGiverClientsApplication - Started QdmCareGiverClientsApplication in 0.947 seconds (JVM running for 891.167)
2020-08-17 16:51:14 [restartedMain] INFO  c.q.c.QdmCareGiverClientsApplication - Starting QdmCareGiverClientsApplication on LAPTOP-GBKRVFU8 with PID 12696 (C:\Users\nandh\git\repository\qdm-care-giver-clients\target\classes started by nandh in C:\Users\nandh\git\repository\qdm-care-giver-clients)
2020-08-17 16:51:14 [restartedMain] DEBUG c.q.c.QdmCareGiverClientsApplication - Running with Spring Boot v2.3.2.RELEASE, Spring v5.2.8.RELEASE
2020-08-17 16:51:14 [restartedMain] INFO  c.q.c.QdmCareGiverClientsApplication - The following profiles are active: dev
2020-08-17 16:51:15 [restartedMain] INFO  c.q.c.QdmCareGiverClientsApplication - Started QdmCareGiverClientsApplication in 0.962 seconds (JVM running for 915.478)
2020-08-17 16:51:30 [restartedMain] INFO  c.q.c.QdmCareGiverClientsApplication - Starting QdmCareGiverClientsApplication on LAPTOP-GBKRVFU8 with PID 12696 (C:\Users\nandh\git\repository\qdm-care-giver-clients\target\classes started by nandh in C:\Users\nandh\git\repository\qdm-care-giver-clients)
2020-08-17 16:51:30 [restartedMain] DEBUG c.q.c.QdmCareGiverClientsApplication - Running with Spring Boot v2.3.2.RELEASE, Spring v5.2.8.RELEASE
2020-08-17 16:51:30 [restartedMain] INFO  c.q.c.QdmCareGiverClientsApplication - The following profiles are active: dev
2020-08-17 16:51:33 [restartedMain] INFO  c.q.c.QdmCareGiverClientsApplication - Starting QdmCareGiverClientsApplication on LAPTOP-GBKRVFU8 with PID 12696 (C:\Users\nandh\git\repository\qdm-care-giver-clients\target\classes started by nandh in C:\Users\nandh\git\repository\qdm-care-giver-clients)
2020-08-17 16:51:33 [restartedMain] DEBUG c.q.c.QdmCareGiverClientsApplication - Running with Spring Boot v2.3.2.RELEASE, Spring v5.2.8.RELEASE
2020-08-17 16:51:33 [restartedMain] INFO  c.q.c.QdmCareGiverClientsApplication - The following profiles are active: dev
2020-08-17 16:51:34 [restartedMain] INFO  c.q.c.QdmCareGiverClientsApplication - Started QdmCareGiverClientsApplication in 1.023 seconds (JVM running for 934.322)
2020-08-17 16:52:15 [http-nio-9999-exec-3] INFO  c.q.c.c.controller.ClientController - Client Created Successfully With ClientId : 1
2020-08-17 16:52:18 [http-nio-9999-exec-4] INFO  c.q.c.c.controller.ClientController - Client Created Successfully With ClientId : 2
2020-08-17 16:52:30 [http-nio-9999-exec-6] INFO  c.q.c.c.controller.ClientController - Clients List [{gender=Male, clientName=test, age=10}, {gender=Male, clientName=test, age=10}]
2020-08-17 16:53:58 [restartedMain] INFO  c.q.c.QdmCareGiverClientsApplication - Starting QdmCareGiverClientsApplication on LAPTOP-GBKRVFU8 with PID 12696 (C:\Users\nandh\git\repository\qdm-care-giver-clients\target\classes started by nandh in C:\Users\nandh\git\repository\qdm-care-giver-clients)
2020-08-17 16:53:58 [restartedMain] DEBUG c.q.c.QdmCareGiverClientsApplication - Running with Spring Boot v2.3.2.RELEASE, Spring v5.2.8.RELEASE
2020-08-17 16:53:58 [restartedMain] INFO  c.q.c.QdmCareGiverClientsApplication - The following profiles are active: dev
2020-08-17 16:53:59 [restartedMain] INFO  c.q.c.QdmCareGiverClientsApplication - Started QdmCareGiverClientsApplication in 0.919 seconds (JVM running for 1079.646)
2020-08-17 16:54:04 [restartedMain] INFO  c.q.c.QdmCareGiverClientsApplication - Starting QdmCareGiverClientsApplication on LAPTOP-GBKRVFU8 with PID 12696 (C:\Users\nandh\git\repository\qdm-care-giver-clients\target\classes started by nandh in C:\Users\nandh\git\repository\qdm-care-giver-clients)
2020-08-17 16:54:04 [restartedMain] DEBUG c.q.c.QdmCareGiverClientsApplication - Running with Spring Boot v2.3.2.RELEASE, Spring v5.2.8.RELEASE
2020-08-17 16:54:04 [restartedMain] INFO  c.q.c.QdmCareGiverClientsApplication - The following profiles are active: dev
2020-08-17 16:54:05 [restartedMain] INFO  c.q.c.QdmCareGiverClientsApplication - Started QdmCareGiverClientsApplication in 0.985 seconds (JVM running for 1085.489)
2020-08-17 16:58:48 [restartedMain] INFO  c.q.c.QdmCareGiverClientsApplication - Starting QdmCareGiverClientsApplication on LAPTOP-GBKRVFU8 with PID 12696 (C:\Users\nandh\git\repository\qdm-care-giver-clients\target\classes started by nandh in C:\Users\nandh\git\repository\qdm-care-giver-clients)
2020-08-17 16:58:48 [restartedMain] DEBUG c.q.c.QdmCareGiverClientsApplication - Running with Spring Boot v2.3.2.RELEASE, Spring v5.2.8.RELEASE
2020-08-17 16:58:48 [restartedMain] INFO  c.q.c.QdmCareGiverClientsApplication - The following profiles are active: dev
2020-08-17 16:58:48 [restartedMain] INFO  c.q.c.QdmCareGiverClientsApplication - Started QdmCareGiverClientsApplication in 0.843 seconds (JVM running for 1368.771)
2020-08-17 16:58:54 [restartedMain] INFO  c.q.c.QdmCareGiverClientsApplication - Starting QdmCareGiverClientsApplication on LAPTOP-GBKRVFU8 with PID 12696 (C:\Users\nandh\git\repository\qdm-care-giver-clients\target\classes started by nandh in C:\Users\nandh\git\repository\qdm-care-giver-clients)
2020-08-17 16:58:54 [restartedMain] DEBUG c.q.c.QdmCareGiverClientsApplication - Running with Spring Boot v2.3.2.RELEASE, Spring v5.2.8.RELEASE
2020-08-17 16:58:54 [restartedMain] INFO  c.q.c.QdmCareGiverClientsApplication - The following profiles are active: dev
2020-08-17 16:58:55 [restartedMain] INFO  c.q.c.QdmCareGiverClientsApplication - Started QdmCareGiverClientsApplication in 0.902 seconds (JVM running for 1375.491)
2020-08-17 16:59:14 [restartedMain] INFO  c.q.c.QdmCareGiverClientsApplication - Starting QdmCareGiverClientsApplication on LAPTOP-GBKRVFU8 with PID 12696 (C:\Users\nandh\git\repository\qdm-care-giver-clients\target\classes started by nandh in C:\Users\nandh\git\repository\qdm-care-giver-clients)
2020-08-17 16:59:14 [restartedMain] DEBUG c.q.c.QdmCareGiverClientsApplication - Running with Spring Boot v2.3.2.RELEASE, Spring v5.2.8.RELEASE
2020-08-17 16:59:14 [restartedMain] INFO  c.q.c.QdmCareGiverClientsApplication - The following profiles are active: dev
2020-08-17 17:00:52 [restartedMain] INFO  c.q.c.QdmCareGiverClientsApplication - Starting QdmCareGiverClientsApplication on LAPTOP-GBKRVFU8 with PID 12696 (C:\Users\nandh\git\repository\qdm-care-giver-clients\target\classes started by nandh in C:\Users\nandh\git\repository\qdm-care-giver-clients)
2020-08-17 17:00:52 [restartedMain] DEBUG c.q.c.QdmCareGiverClientsApplication - Running with Spring Boot v2.3.2.RELEASE, Spring v5.2.8.RELEASE
2020-08-17 17:00:52 [restartedMain] INFO  c.q.c.QdmCareGiverClientsApplication - The following profiles are active: dev
2020-08-17 17:01:32 [restartedMain] INFO  c.q.c.QdmCareGiverClientsApplication - Starting QdmCareGiverClientsApplication on LAPTOP-GBKRVFU8 with PID 12696 (C:\Users\nandh\git\repository\qdm-care-giver-clients\target\classes started by nandh in C:\Users\nandh\git\repository\qdm-care-giver-clients)
2020-08-17 17:01:32 [restartedMain] DEBUG c.q.c.QdmCareGiverClientsApplication - Running with Spring Boot v2.3.2.RELEASE, Spring v5.2.8.RELEASE
2020-08-17 17:01:32 [restartedMain] INFO  c.q.c.QdmCareGiverClientsApplication - The following profiles are active: dev
2020-08-17 17:02:17 [restartedMain] INFO  c.q.c.QdmCareGiverClientsApplication - Starting QdmCareGiverClientsApplication on LAPTOP-GBKRVFU8 with PID 12696 (C:\Users\nandh\git\repository\qdm-care-giver-clients\target\classes started by nandh in C:\Users\nandh\git\repository\qdm-care-giver-clients)
2020-08-17 17:02:17 [restartedMain] DEBUG c.q.c.QdmCareGiverClientsApplication - Running with Spring Boot v2.3.2.RELEASE, Spring v5.2.8.RELEASE
2020-08-17 17:02:17 [restartedMain] INFO  c.q.c.QdmCareGiverClientsApplication - The following profiles are active: dev
2020-08-17 17:02:34 [restartedMain] INFO  c.q.c.QdmCareGiverClientsApplication - Starting QdmCareGiverClientsApplication on LAPTOP-GBKRVFU8 with PID 12696 (C:\Users\nandh\git\repository\qdm-care-giver-clients\target\classes started by nandh in C:\Users\nandh\git\repository\qdm-care-giver-clients)
2020-08-17 17:02:34 [restartedMain] DEBUG c.q.c.QdmCareGiverClientsApplication - Running with Spring Boot v2.3.2.RELEASE, Spring v5.2.8.RELEASE
2020-08-17 17:02:34 [restartedMain] INFO  c.q.c.QdmCareGiverClientsApplication - The following profiles are active: dev
2020-08-17 17:05:00 [restartedMain] INFO  c.q.c.QdmCareGiverClientsApplication - Starting QdmCareGiverClientsApplication on LAPTOP-GBKRVFU8 with PID 14360 (C:\Users\nandh\git\repository\qdm-care-giver-clients\target\classes started by nandh in C:\Users\nandh\git\repository\qdm-care-giver-clients)
2020-08-17 17:05:00 [restartedMain] DEBUG c.q.c.QdmCareGiverClientsApplication - Running with Spring Boot v2.3.2.RELEASE, Spring v5.2.8.RELEASE
2020-08-17 17:05:00 [restartedMain] INFO  c.q.c.QdmCareGiverClientsApplication - The following profiles are active: dev
2020-08-17 17:06:08 [restartedMain] INFO  c.q.c.QdmCareGiverClientsApplication - Starting QdmCareGiverClientsApplication on LAPTOP-GBKRVFU8 with PID 16312 (C:\Users\nandh\git\repository\qdm-care-giver-clients\target\classes started by nandh in C:\Users\nandh\git\repository\qdm-care-giver-clients)
2020-08-17 17:06:08 [restartedMain] DEBUG c.q.c.QdmCareGiverClientsApplication - Running with Spring Boot v2.3.2.RELEASE, Spring v5.2.8.RELEASE
2020-08-17 17:06:08 [restartedMain] INFO  c.q.c.QdmCareGiverClientsApplication - The following profiles are active: dev
2020-08-17 17:06:11 [restartedMain] INFO  c.q.c.QdmCareGiverClientsApplication - Started QdmCareGiverClientsApplication in 3.507 seconds (JVM running for 4.18)
2020-08-17 17:06:19 [restartedMain] INFO  c.q.c.QdmCareGiverClientsApplication - Starting QdmCareGiverClientsApplication on LAPTOP-GBKRVFU8 with PID 16312 (C:\Users\nandh\git\repository\qdm-care-giver-clients\target\classes started by nandh in C:\Users\nandh\git\repository\qdm-care-giver-clients)
2020-08-17 17:06:19 [restartedMain] DEBUG c.q.c.QdmCareGiverClientsApplication - Running with Spring Boot v2.3.2.RELEASE, Spring v5.2.8.RELEASE
2020-08-17 17:06:19 [restartedMain] INFO  c.q.c.QdmCareGiverClientsApplication - The following profiles are active: dev
2020-08-17 17:06:28 [restartedMain] INFO  c.q.c.QdmCareGiverClientsApplication - Starting QdmCareGiverClientsApplication on LAPTOP-GBKRVFU8 with PID 16312 (C:\Users\nandh\git\repository\qdm-care-giver-clients\target\classes started by nandh in C:\Users\nandh\git\repository\qdm-care-giver-clients)
2020-08-17 17:06:28 [restartedMain] DEBUG c.q.c.QdmCareGiverClientsApplication - Running with Spring Boot v2.3.2.RELEASE, Spring v5.2.8.RELEASE
2020-08-17 17:06:28 [restartedMain] INFO  c.q.c.QdmCareGiverClientsApplication - The following profiles are active: dev
2020-08-17 17:06:29 [restartedMain] INFO  c.q.c.QdmCareGiverClientsApplication - Started QdmCareGiverClientsApplication in 1.109 seconds (JVM running for 22.02)
2020-08-17 17:06:41 [restartedMain] INFO  c.q.c.QdmCareGiverClientsApplication - Starting QdmCareGiverClientsApplication on LAPTOP-GBKRVFU8 with PID 16312 (C:\Users\nandh\git\repository\qdm-care-giver-clients\target\classes started by nandh in C:\Users\nandh\git\repository\qdm-care-giver-clients)
2020-08-17 17:06:41 [restartedMain] DEBUG c.q.c.QdmCareGiverClientsApplication - Running with Spring Boot v2.3.2.RELEASE, Spring v5.2.8.RELEASE
2020-08-17 17:06:41 [restartedMain] INFO  c.q.c.QdmCareGiverClientsApplication - The following profiles are active: dev
2020-08-17 17:06:42 [restartedMain] INFO  c.q.c.QdmCareGiverClientsApplication - Started QdmCareGiverClientsApplication in 1.055 seconds (JVM running for 35.069)
2020-08-17 17:06:49 [http-nio-9999-exec-2] INFO  c.q.c.c.controller.ClientController - Client Created Successfully With ClientId : 1
2020-08-17 17:07:09 [http-nio-9999-exec-3] INFO  c.q.c.c.controller.ClientController - ClientById {gender=Male, clientName=test, age=10}
2020-08-17 17:15:19 [restartedMain] INFO  c.q.c.QdmCareGiverClientsApplication - Starting QdmCareGiverClientsApplication on LAPTOP-GBKRVFU8 with PID 16312 (C:\Users\nandh\git\repository\qdm-care-giver-clients\target\classes started by nandh in C:\Users\nandh\git\repository\qdm-care-giver-clients)
2020-08-17 17:15:19 [restartedMain] DEBUG c.q.c.QdmCareGiverClientsApplication - Running with Spring Boot v2.3.2.RELEASE, Spring v5.2.8.RELEASE
2020-08-17 17:15:19 [restartedMain] INFO  c.q.c.QdmCareGiverClientsApplication - The following profiles are active: dev
2020-08-17 17:15:20 [restartedMain] INFO  c.q.c.QdmCareGiverClientsApplication - Started QdmCareGiverClientsApplication in 1.06 seconds (JVM running for 552.632)
2020-08-17 17:16:10 [restartedMain] INFO  c.q.c.QdmCareGiverClientsApplication - Starting QdmCareGiverClientsApplication on LAPTOP-GBKRVFU8 with PID 16312 (C:\Users\nandh\git\repository\qdm-care-giver-clients\target\classes started by nandh in C:\Users\nandh\git\repository\qdm-care-giver-clients)
2020-08-17 17:16:10 [restartedMain] DEBUG c.q.c.QdmCareGiverClientsApplication - Running with Spring Boot v2.3.2.RELEASE, Spring v5.2.8.RELEASE
2020-08-17 17:16:10 [restartedMain] INFO  c.q.c.QdmCareGiverClientsApplication - The following profiles are active: dev
2020-08-17 17:16:11 [restartedMain] INFO  c.q.c.QdmCareGiverClientsApplication - Started QdmCareGiverClientsApplication in 1.013 seconds (JVM running for 603.941)
2020-08-17 17:16:37 [restartedMain] INFO  c.q.c.QdmCareGiverClientsApplication - Starting QdmCareGiverClientsApplication on LAPTOP-GBKRVFU8 with PID 16312 (C:\Users\nandh\git\repository\qdm-care-giver-clients\target\classes started by nandh in C:\Users\nandh\git\repository\qdm-care-giver-clients)
2020-08-17 17:16:37 [restartedMain] DEBUG c.q.c.QdmCareGiverClientsApplication - Running with Spring Boot v2.3.2.RELEASE, Spring v5.2.8.RELEASE
2020-08-17 17:16:37 [restartedMain] INFO  c.q.c.QdmCareGiverClientsApplication - The following profiles are active: dev
2020-08-17 17:16:38 [restartedMain] INFO  c.q.c.QdmCareGiverClientsApplication - Started QdmCareGiverClientsApplication in 1.09 seconds (JVM running for 631.457)
2020-08-17 17:19:00 [restartedMain] INFO  c.q.c.QdmCareGiverClientsApplication - Starting QdmCareGiverClientsApplication on LAPTOP-GBKRVFU8 with PID 16312 (C:\Users\nandh\git\repository\qdm-care-giver-clients\target\classes started by nandh in C:\Users\nandh\git\repository\qdm-care-giver-clients)
2020-08-17 17:19:00 [restartedMain] DEBUG c.q.c.QdmCareGiverClientsApplication - Running with Spring Boot v2.3.2.RELEASE, Spring v5.2.8.RELEASE
2020-08-17 17:19:00 [restartedMain] INFO  c.q.c.QdmCareGiverClientsApplication - The following profiles are active: dev
2020-08-17 17:19:01 [restartedMain] INFO  c.q.c.QdmCareGiverClientsApplication - Started QdmCareGiverClientsApplication in 1.372 seconds (JVM running for 774.103)
2020-08-17 17:20:18 [http-nio-9999-exec-2] INFO  c.q.c.c.controller.ClientController - Client Created Successfully With ClientId : 1
2020-08-17 17:20:21 [http-nio-9999-exec-3] INFO  c.q.c.c.controller.ClientController - Client Created Successfully With ClientId : 2
2020-08-17 17:20:39 [http-nio-9999-exec-4] INFO  c.q.c.c.controller.ClientController - Clients List [{gender=Male, clientName=test, age=10}, {gender=Male, clientName=test, age=10}]
2020-08-17 17:20:53 [http-nio-9999-exec-5] INFO  c.q.c.c.controller.ClientController - ClientById {contactnum=0, bloodPressure=77, respirationRate=null, gender=Male, clientName=test, bodyTemperature=90, pulseRate=null, emailid=email, age=10, emergencycontact=0}
2020-08-17 17:21:39 [restartedMain] INFO  c.q.c.QdmCareGiverClientsApplication - Starting QdmCareGiverClientsApplication on LAPTOP-GBKRVFU8 with PID 16312 (C:\Users\nandh\git\repository\qdm-care-giver-clients\target\classes started by nandh in C:\Users\nandh\git\repository\qdm-care-giver-clients)
2020-08-17 17:21:39 [restartedMain] DEBUG c.q.c.QdmCareGiverClientsApplication - Running with Spring Boot v2.3.2.RELEASE, Spring v5.2.8.RELEASE
2020-08-17 17:21:39 [restartedMain] INFO  c.q.c.QdmCareGiverClientsApplication - The following profiles are active: dev
2020-08-17 17:21:40 [restartedMain] INFO  c.q.c.QdmCareGiverClientsApplication - Started QdmCareGiverClientsApplication in 1.059 seconds (JVM running for 933.031)
2020-08-17 17:24:16 [restartedMain] INFO  c.q.c.QdmCareGiverClientsApplication - Starting QdmCareGiverClientsApplication on LAPTOP-GBKRVFU8 with PID 16312 (C:\Users\nandh\git\repository\qdm-care-giver-clients\target\classes started by nandh in C:\Users\nandh\git\repository\qdm-care-giver-clients)
2020-08-17 17:24:16 [restartedMain] DEBUG c.q.c.QdmCareGiverClientsApplication - Running with Spring Boot v2.3.2.RELEASE, Spring v5.2.8.RELEASE
2020-08-17 17:24:16 [restartedMain] INFO  c.q.c.QdmCareGiverClientsApplication - The following profiles are active: dev
2020-08-17 17:24:49 [restartedMain] INFO  c.q.c.QdmCareGiverClientsApplication - Starting QdmCareGiverClientsApplication on LAPTOP-GBKRVFU8 with PID 16312 (C:\Users\nandh\git\repository\qdm-care-giver-clients\target\classes started by nandh in C:\Users\nandh\git\repository\qdm-care-giver-clients)
2020-08-17 17:24:49 [restartedMain] DEBUG c.q.c.QdmCareGiverClientsApplication - Running with Spring Boot v2.3.2.RELEASE, Spring v5.2.8.RELEASE
2020-08-17 17:24:49 [restartedMain] INFO  c.q.c.QdmCareGiverClientsApplication - The following profiles are active: dev
2020-08-17 17:24:54 [restartedMain] INFO  c.q.c.QdmCareGiverClientsApplication - Starting QdmCareGiverClientsApplication on LAPTOP-GBKRVFU8 with PID 16312 (C:\Users\nandh\git\repository\qdm-care-giver-clients\target\classes started by nandh in C:\Users\nandh\git\repository\qdm-care-giver-clients)
2020-08-17 17:24:54 [restartedMain] DEBUG c.q.c.QdmCareGiverClientsApplication - Running with Spring Boot v2.3.2.RELEASE, Spring v5.2.8.RELEASE
2020-08-17 17:24:54 [restartedMain] INFO  c.q.c.QdmCareGiverClientsApplication - The following profiles are active: dev
2020-08-17 17:25:05 [restartedMain] INFO  c.q.c.QdmCareGiverClientsApplication - Starting QdmCareGiverClientsApplication on LAPTOP-GBKRVFU8 with PID 16312 (C:\Users\nandh\git\repository\qdm-care-giver-clients\target\classes started by nandh in C:\Users\nandh\git\repository\qdm-care-giver-clients)
2020-08-17 17:25:05 [restartedMain] DEBUG c.q.c.QdmCareGiverClientsApplication - Running with Spring Boot v2.3.2.RELEASE, Spring v5.2.8.RELEASE
2020-08-17 17:25:05 [restartedMain] INFO  c.q.c.QdmCareGiverClientsApplication - The following profiles are active: dev
2020-08-17 17:25:11 [restartedMain] INFO  c.q.c.QdmCareGiverClientsApplication - Starting QdmCareGiverClientsApplication on LAPTOP-GBKRVFU8 with PID 16312 (C:\Users\nandh\git\repository\qdm-care-giver-clients\target\classes started by nandh in C:\Users\nandh\git\repository\qdm-care-giver-clients)
2020-08-17 17:25:11 [restartedMain] DEBUG c.q.c.QdmCareGiverClientsApplication - Running with Spring Boot v2.3.2.RELEASE, Spring v5.2.8.RELEASE
2020-08-17 17:25:11 [restartedMain] INFO  c.q.c.QdmCareGiverClientsApplication - The following profiles are active: dev
2020-08-17 17:26:33 [restartedMain] INFO  c.q.c.QdmCareGiverClientsApplication - Starting QdmCareGiverClientsApplication on LAPTOP-GBKRVFU8 with PID 16312 (C:\Users\nandh\git\repository\qdm-care-giver-clients\target\classes started by nandh in C:\Users\nandh\git\repository\qdm-care-giver-clients)
2020-08-17 17:26:33 [restartedMain] DEBUG c.q.c.QdmCareGiverClientsApplication - Running with Spring Boot v2.3.2.RELEASE, Spring v5.2.8.RELEASE
2020-08-17 17:26:33 [restartedMain] INFO  c.q.c.QdmCareGiverClientsApplication - The following profiles are active: dev
2020-08-17 17:26:57 [restartedMain] INFO  c.q.c.QdmCareGiverClientsApplication - Starting QdmCareGiverClientsApplication on LAPTOP-GBKRVFU8 with PID 16312 (C:\Users\nandh\git\repository\qdm-care-giver-clients\target\classes started by nandh in C:\Users\nandh\git\repository\qdm-care-giver-clients)
2020-08-17 17:26:57 [restartedMain] DEBUG c.q.c.QdmCareGiverClientsApplication - Running with Spring Boot v2.3.2.RELEASE, Spring v5.2.8.RELEASE
2020-08-17 17:26:57 [restartedMain] INFO  c.q.c.QdmCareGiverClientsApplication - The following profiles are active: dev
2020-08-17 17:27:34 [restartedMain] INFO  c.q.c.QdmCareGiverClientsApplication - Starting QdmCareGiverClientsApplication on LAPTOP-GBKRVFU8 with PID 16312 (C:\Users\nandh\git\repository\qdm-care-giver-clients\target\classes started by nandh in C:\Users\nandh\git\repository\qdm-care-giver-clients)
2020-08-17 17:27:34 [restartedMain] DEBUG c.q.c.QdmCareGiverClientsApplication - Running with Spring Boot v2.3.2.RELEASE, Spring v5.2.8.RELEASE
2020-08-17 17:27:34 [restartedMain] INFO  c.q.c.QdmCareGiverClientsApplication - The following profiles are active: dev
2020-08-17 17:27:41 [restartedMain] INFO  c.q.c.QdmCareGiverClientsApplication - Starting QdmCareGiverClientsApplication on LAPTOP-GBKRVFU8 with PID 16312 (C:\Users\nandh\git\repository\qdm-care-giver-clients\target\classes started by nandh in C:\Users\nandh\git\repository\qdm-care-giver-clients)
2020-08-17 17:27:41 [restartedMain] DEBUG c.q.c.QdmCareGiverClientsApplication - Running with Spring Boot v2.3.2.RELEASE, Spring v5.2.8.RELEASE
2020-08-17 17:27:41 [restartedMain] INFO  c.q.c.QdmCareGiverClientsApplication - The following profiles are active: dev
2020-08-17 17:27:51 [restartedMain] INFO  c.q.c.QdmCareGiverClientsApplication - Starting QdmCareGiverClientsApplication on LAPTOP-GBKRVFU8 with PID 16312 (C:\Users\nandh\git\repository\qdm-care-giver-clients\target\classes started by nandh in C:\Users\nandh\git\repository\qdm-care-giver-clients)
2020-08-17 17:27:51 [restartedMain] DEBUG c.q.c.QdmCareGiverClientsApplication - Running with Spring Boot v2.3.2.RELEASE, Spring v5.2.8.RELEASE
2020-08-17 17:27:51 [restartedMain] INFO  c.q.c.QdmCareGiverClientsApplication - The following profiles are active: dev
2020-08-17 17:27:58 [restartedMain] INFO  c.q.c.QdmCareGiverClientsApplication - Starting QdmCareGiverClientsApplication on LAPTOP-GBKRVFU8 with PID 16312 (C:\Users\nandh\git\repository\qdm-care-giver-clients\target\classes started by nandh in C:\Users\nandh\git\repository\qdm-care-giver-clients)
2020-08-17 17:27:58 [restartedMain] DEBUG c.q.c.QdmCareGiverClientsApplication - Running with Spring Boot v2.3.2.RELEASE, Spring v5.2.8.RELEASE
2020-08-17 17:27:58 [restartedMain] INFO  c.q.c.QdmCareGiverClientsApplication - The following profiles are active: dev
2020-08-17 17:28:06 [restartedMain] INFO  c.q.c.QdmCareGiverClientsApplication - Starting QdmCareGiverClientsApplication on LAPTOP-GBKRVFU8 with PID 16312 (C:\Users\nandh\git\repository\qdm-care-giver-clients\target\classes started by nandh in C:\Users\nandh\git\repository\qdm-care-giver-clients)
2020-08-17 17:28:06 [restartedMain] DEBUG c.q.c.QdmCareGiverClientsApplication - Running with Spring Boot v2.3.2.RELEASE, Spring v5.2.8.RELEASE
2020-08-17 17:28:06 [restartedMain] INFO  c.q.c.QdmCareGiverClientsApplication - The following profiles are active: dev
2020-08-17 17:31:41 [restartedMain] INFO  c.q.c.QdmCareGiverClientsApplication - Starting QdmCareGiverClientsApplication on LAPTOP-GBKRVFU8 with PID 16312 (C:\Users\nandh\git\repository\qdm-care-giver-clients\target\classes started by nandh in C:\Users\nandh\git\repository\qdm-care-giver-clients)
2020-08-17 17:31:41 [restartedMain] DEBUG c.q.c.QdmCareGiverClientsApplication - Running with Spring Boot v2.3.2.RELEASE, Spring v5.2.8.RELEASE
2020-08-17 17:31:41 [restartedMain] INFO  c.q.c.QdmCareGiverClientsApplication - The following profiles are active: dev
2020-08-17 17:32:38 [restartedMain] INFO  c.q.c.QdmCareGiverClientsApplication - Starting QdmCareGiverClientsApplication on LAPTOP-GBKRVFU8 with PID 16312 (C:\Users\nandh\git\repository\qdm-care-giver-clients\target\classes started by nandh in C:\Users\nandh\git\repository\qdm-care-giver-clients)
2020-08-17 17:32:38 [restartedMain] DEBUG c.q.c.QdmCareGiverClientsApplication - Running with Spring Boot v2.3.2.RELEASE, Spring v5.2.8.RELEASE
2020-08-17 17:32:38 [restartedMain] INFO  c.q.c.QdmCareGiverClientsApplication - The following profiles are active: dev
2020-08-17 17:32:44 [restartedMain] INFO  c.q.c.QdmCareGiverClientsApplication - Starting QdmCareGiverClientsApplication on LAPTOP-GBKRVFU8 with PID 16312 (C:\Users\nandh\git\repository\qdm-care-giver-clients\target\classes started by nandh in C:\Users\nandh\git\repository\qdm-care-giver-clients)
2020-08-17 17:32:44 [restartedMain] DEBUG c.q.c.QdmCareGiverClientsApplication - Running with Spring Boot v2.3.2.RELEASE, Spring v5.2.8.RELEASE
2020-08-17 17:32:44 [restartedMain] INFO  c.q.c.QdmCareGiverClientsApplication - The following profiles are active: dev
2020-08-17 17:35:44 [restartedMain] INFO  c.q.c.QdmCareGiverClientsApplication - Starting QdmCareGiverClientsApplication on LAPTOP-GBKRVFU8 with PID 14912 (C:\Users\nandh\git\repository\qdm-care-giver-clients\target\classes started by nandh in C:\Users\nandh\git\repository\qdm-care-giver-clients)
2020-08-17 17:35:44 [restartedMain] DEBUG c.q.c.QdmCareGiverClientsApplication - Running with Spring Boot v2.3.2.RELEASE, Spring v5.2.8.RELEASE
2020-08-17 17:35:44 [restartedMain] INFO  c.q.c.QdmCareGiverClientsApplication - The following profiles are active: dev
2020-08-17 17:37:15 [restartedMain] INFO  c.q.c.QdmCareGiverClientsApplication - Starting QdmCareGiverClientsApplication on LAPTOP-GBKRVFU8 with PID 7368 (C:\Users\nandh\git\repository\qdm-care-giver-clients\target\classes started by nandh in C:\Users\nandh\git\repository\qdm-care-giver-clients)
2020-08-17 17:37:15 [restartedMain] DEBUG c.q.c.QdmCareGiverClientsApplication - Running with Spring Boot v2.3.2.RELEASE, Spring v5.2.8.RELEASE
2020-08-17 17:37:15 [restartedMain] INFO  c.q.c.QdmCareGiverClientsApplication - The following profiles are active: dev
2020-08-17 17:37:18 [restartedMain] INFO  c.q.c.QdmCareGiverClientsApplication - Started QdmCareGiverClientsApplication in 3.611 seconds (JVM running for 4.315)
2020-08-17 17:37:28 [restartedMain] INFO  c.q.c.QdmCareGiverClientsApplication - Starting QdmCareGiverClientsApplication on LAPTOP-GBKRVFU8 with PID 7368 (C:\Users\nandh\git\repository\qdm-care-giver-clients\target\classes started by nandh in C:\Users\nandh\git\repository\qdm-care-giver-clients)
2020-08-17 17:37:28 [restartedMain] DEBUG c.q.c.QdmCareGiverClientsApplication - Running with Spring Boot v2.3.2.RELEASE, Spring v5.2.8.RELEASE
2020-08-17 17:37:28 [restartedMain] INFO  c.q.c.QdmCareGiverClientsApplication - The following profiles are active: dev
2020-08-17 17:41:47 [restartedMain] INFO  c.q.c.QdmCareGiverClientsApplication - Starting QdmCareGiverClientsApplication on LAPTOP-GBKRVFU8 with PID 7368 (C:\Users\nandh\git\repository\qdm-care-giver-clients\target\classes started by nandh in C:\Users\nandh\git\repository\qdm-care-giver-clients)
2020-08-17 17:41:47 [restartedMain] DEBUG c.q.c.QdmCareGiverClientsApplication - Running with Spring Boot v2.3.2.RELEASE, Spring v5.2.8.RELEASE
2020-08-17 17:41:47 [restartedMain] INFO  c.q.c.QdmCareGiverClientsApplication - The following profiles are active: dev
2020-08-17 17:41:48 [restartedMain] INFO  c.q.c.QdmCareGiverClientsApplication - Started QdmCareGiverClientsApplication in 1.112 seconds (JVM running for 274.67)
2020-08-17 17:44:02 [restartedMain] INFO  c.q.c.QdmCareGiverClientsApplication - Starting QdmCareGiverClientsApplication on LAPTOP-GBKRVFU8 with PID 7368 (C:\Users\nandh\git\repository\qdm-care-giver-clients\target\classes started by nandh in C:\Users\nandh\git\repository\qdm-care-giver-clients)
2020-08-17 17:44:02 [restartedMain] DEBUG c.q.c.QdmCareGiverClientsApplication - Running with Spring Boot v2.3.2.RELEASE, Spring v5.2.8.RELEASE
2020-08-17 17:44:02 [restartedMain] INFO  c.q.c.QdmCareGiverClientsApplication - The following profiles are active: dev
2020-08-17 17:44:03 [restartedMain] INFO  c.q.c.QdmCareGiverClientsApplication - Started QdmCareGiverClientsApplication in 1.159 seconds (JVM running for 409.015)
2020-08-17 17:45:12 [restartedMain] INFO  c.q.c.QdmCareGiverClientsApplication - Starting QdmCareGiverClientsApplication on LAPTOP-GBKRVFU8 with PID 7368 (C:\Users\nandh\git\repository\qdm-care-giver-clients\target\classes started by nandh in C:\Users\nandh\git\repository\qdm-care-giver-clients)
2020-08-17 17:45:12 [restartedMain] DEBUG c.q.c.QdmCareGiverClientsApplication - Running with Spring Boot v2.3.2.RELEASE, Spring v5.2.8.RELEASE
2020-08-17 17:45:12 [restartedMain] INFO  c.q.c.QdmCareGiverClientsApplication - The following profiles are active: dev
2020-08-17 17:45:14 [restartedMain] INFO  c.q.c.QdmCareGiverClientsApplication - Started QdmCareGiverClientsApplication in 1.168 seconds (JVM running for 479.756)
2020-08-17 17:45:23 [restartedMain] INFO  c.q.c.QdmCareGiverClientsApplication - Starting QdmCareGiverClientsApplication on LAPTOP-GBKRVFU8 with PID 7368 (C:\Users\nandh\git\repository\qdm-care-giver-clients\target\classes started by nandh in C:\Users\nandh\git\repository\qdm-care-giver-clients)
2020-08-17 17:45:23 [restartedMain] DEBUG c.q.c.QdmCareGiverClientsApplication - Running with Spring Boot v2.3.2.RELEASE, Spring v5.2.8.RELEASE
2020-08-17 17:45:23 [restartedMain] INFO  c.q.c.QdmCareGiverClientsApplication - The following profiles are active: dev
2020-08-17 17:46:00 [restartedMain] INFO  c.q.c.QdmCareGiverClientsApplication - Starting QdmCareGiverClientsApplication on LAPTOP-GBKRVFU8 with PID 7368 (C:\Users\nandh\git\repository\qdm-care-giver-clients\target\classes started by nandh in C:\Users\nandh\git\repository\qdm-care-giver-clients)
2020-08-17 17:46:00 [restartedMain] DEBUG c.q.c.QdmCareGiverClientsApplication - Running with Spring Boot v2.3.2.RELEASE, Spring v5.2.8.RELEASE
2020-08-17 17:46:00 [restartedMain] INFO  c.q.c.QdmCareGiverClientsApplication - The following profiles are active: dev
2020-08-17 17:46:31 [restartedMain] INFO  c.q.c.QdmCareGiverClientsApplication - Starting QdmCareGiverClientsApplication on LAPTOP-GBKRVFU8 with PID 7368 (C:\Users\nandh\git\repository\qdm-care-giver-clients\target\classes started by nandh in C:\Users\nandh\git\repository\qdm-care-giver-clients)
2020-08-17 17:46:31 [restartedMain] DEBUG c.q.c.QdmCareGiverClientsApplication - Running with Spring Boot v2.3.2.RELEASE, Spring v5.2.8.RELEASE
2020-08-17 17:46:31 [restartedMain] INFO  c.q.c.QdmCareGiverClientsApplication - The following profiles are active: dev
2020-08-17 17:46:49 [restartedMain] INFO  c.q.c.QdmCareGiverClientsApplication - Starting QdmCareGiverClientsApplication on LAPTOP-GBKRVFU8 with PID 7368 (C:\Users\nandh\git\repository\qdm-care-giver-clients\target\classes started by nandh in C:\Users\nandh\git\repository\qdm-care-giver-clients)
2020-08-17 17:46:49 [restartedMain] DEBUG c.q.c.QdmCareGiverClientsApplication - Running with Spring Boot v2.3.2.RELEASE, Spring v5.2.8.RELEASE
2020-08-17 17:46:49 [restartedMain] INFO  c.q.c.QdmCareGiverClientsApplication - The following profiles are active: dev
2020-08-17 17:46:53 [restartedMain] INFO  c.q.c.QdmCareGiverClientsApplication - Starting QdmCareGiverClientsApplication on LAPTOP-GBKRVFU8 with PID 7368 (C:\Users\nandh\git\repository\qdm-care-giver-clients\target\classes started by nandh in C:\Users\nandh\git\repository\qdm-care-giver-clients)
2020-08-17 17:46:53 [restartedMain] DEBUG c.q.c.QdmCareGiverClientsApplication - Running with Spring Boot v2.3.2.RELEASE, Spring v5.2.8.RELEASE
2020-08-17 17:46:53 [restartedMain] INFO  c.q.c.QdmCareGiverClientsApplication - The following profiles are active: dev
2020-08-17 17:47:11 [restartedMain] INFO  c.q.c.QdmCareGiverClientsApplication - Starting QdmCareGiverClientsApplication on LAPTOP-GBKRVFU8 with PID 7368 (C:\Users\nandh\git\repository\qdm-care-giver-clients\target\classes started by nandh in C:\Users\nandh\git\repository\qdm-care-giver-clients)
2020-08-17 17:47:11 [restartedMain] DEBUG c.q.c.QdmCareGiverClientsApplication - Running with Spring Boot v2.3.2.RELEASE, Spring v5.2.8.RELEASE
2020-08-17 17:47:11 [restartedMain] INFO  c.q.c.QdmCareGiverClientsApplication - The following profiles are active: dev
2020-08-17 17:47:38 [restartedMain] INFO  c.q.c.QdmCareGiverClientsApplication - Starting QdmCareGiverClientsApplication on LAPTOP-GBKRVFU8 with PID 7368 (C:\Users\nandh\git\repository\qdm-care-giver-clients\target\classes started by nandh in C:\Users\nandh\git\repository\qdm-care-giver-clients)
2020-08-17 17:47:38 [restartedMain] DEBUG c.q.c.QdmCareGiverClientsApplication - Running with Spring Boot v2.3.2.RELEASE, Spring v5.2.8.RELEASE
2020-08-17 17:47:38 [restartedMain] INFO  c.q.c.QdmCareGiverClientsApplication - The following profiles are active: dev
2020-08-17 17:48:19 [restartedMain] INFO  c.q.c.QdmCareGiverClientsApplication - Starting QdmCareGiverClientsApplication on LAPTOP-GBKRVFU8 with PID 7368 (C:\Users\nandh\git\repository\qdm-care-giver-clients\target\classes started by nandh in C:\Users\nandh\git\repository\qdm-care-giver-clients)
2020-08-17 17:48:19 [restartedMain] DEBUG c.q.c.QdmCareGiverClientsApplication - Running with Spring Boot v2.3.2.RELEASE, Spring v5.2.8.RELEASE
2020-08-17 17:48:19 [restartedMain] INFO  c.q.c.QdmCareGiverClientsApplication - The following profiles are active: dev
2020-08-17 17:48:28 [restartedMain] INFO  c.q.c.QdmCareGiverClientsApplication - Starting QdmCareGiverClientsApplication on LAPTOP-GBKRVFU8 with PID 7368 (C:\Users\nandh\git\repository\qdm-care-giver-clients\target\classes started by nandh in C:\Users\nandh\git\repository\qdm-care-giver-clients)
2020-08-17 17:48:28 [restartedMain] DEBUG c.q.c.QdmCareGiverClientsApplication - Running with Spring Boot v2.3.2.RELEASE, Spring v5.2.8.RELEASE
2020-08-17 17:48:28 [restartedMain] INFO  c.q.c.QdmCareGiverClientsApplication - The following profiles are active: dev
2020-08-17 17:48:59 [restartedMain] INFO  c.q.c.QdmCareGiverClientsApplication - Starting QdmCareGiverClientsApplication on LAPTOP-GBKRVFU8 with PID 7368 (C:\Users\nandh\git\repository\qdm-care-giver-clients\target\classes started by nandh in C:\Users\nandh\git\repository\qdm-care-giver-clients)
2020-08-17 17:48:59 [restartedMain] DEBUG c.q.c.QdmCareGiverClientsApplication - Running with Spring Boot v2.3.2.RELEASE, Spring v5.2.8.RELEASE
2020-08-17 17:48:59 [restartedMain] INFO  c.q.c.QdmCareGiverClientsApplication - The following profiles are active: dev
2020-08-17 17:49:11 [restartedMain] INFO  c.q.c.QdmCareGiverClientsApplication - Starting QdmCareGiverClientsApplication on LAPTOP-GBKRVFU8 with PID 7368 (C:\Users\nandh\git\repository\qdm-care-giver-clients\target\classes started by nandh in C:\Users\nandh\git\repository\qdm-care-giver-clients)
2020-08-17 17:49:11 [restartedMain] DEBUG c.q.c.QdmCareGiverClientsApplication - Running with Spring Boot v2.3.2.RELEASE, Spring v5.2.8.RELEASE
2020-08-17 17:49:11 [restartedMain] INFO  c.q.c.QdmCareGiverClientsApplication - The following profiles are active: dev
2020-08-17 17:49:18 [restartedMain] INFO  c.q.c.QdmCareGiverClientsApplication - Starting QdmCareGiverClientsApplication on LAPTOP-GBKRVFU8 with PID 7368 (C:\Users\nandh\git\repository\qdm-care-giver-clients\target\classes started by nandh in C:\Users\nandh\git\repository\qdm-care-giver-clients)
2020-08-17 17:49:18 [restartedMain] DEBUG c.q.c.QdmCareGiverClientsApplication - Running with Spring Boot v2.3.2.RELEASE, Spring v5.2.8.RELEASE
2020-08-17 17:49:18 [restartedMain] INFO  c.q.c.QdmCareGiverClientsApplication - The following profiles are active: dev
2020-08-17 17:49:31 [restartedMain] INFO  c.q.c.QdmCareGiverClientsApplication - Starting QdmCareGiverClientsApplication on LAPTOP-GBKRVFU8 with PID 7368 (C:\Users\nandh\git\repository\qdm-care-giver-clients\target\classes started by nandh in C:\Users\nandh\git\repository\qdm-care-giver-clients)
2020-08-17 17:49:31 [restartedMain] DEBUG c.q.c.QdmCareGiverClientsApplication - Running with Spring Boot v2.3.2.RELEASE, Spring v5.2.8.RELEASE
2020-08-17 17:49:31 [restartedMain] INFO  c.q.c.QdmCareGiverClientsApplication - The following profiles are active: dev
2020-08-17 17:49:47 [restartedMain] INFO  c.q.c.QdmCareGiverClientsApplication - Starting QdmCareGiverClientsApplication on LAPTOP-GBKRVFU8 with PID 7368 (C:\Users\nandh\git\repository\qdm-care-giver-clients\target\classes started by nandh in C:\Users\nandh\git\repository\qdm-care-giver-clients)
2020-08-17 17:49:47 [restartedMain] DEBUG c.q.c.QdmCareGiverClientsApplication - Running with Spring Boot v2.3.2.RELEASE, Spring v5.2.8.RELEASE
2020-08-17 17:49:47 [restartedMain] INFO  c.q.c.QdmCareGiverClientsApplication - The following profiles are active: dev
2020-08-17 17:49:53 [restartedMain] INFO  c.q.c.QdmCareGiverClientsApplication - Starting QdmCareGiverClientsApplication on LAPTOP-GBKRVFU8 with PID 7368 (C:\Users\nandh\git\repository\qdm-care-giver-clients\target\classes started by nandh in C:\Users\nandh\git\repository\qdm-care-giver-clients)
2020-08-17 17:49:53 [restartedMain] DEBUG c.q.c.QdmCareGiverClientsApplication - Running with Spring Boot v2.3.2.RELEASE, Spring v5.2.8.RELEASE
2020-08-17 17:49:53 [restartedMain] INFO  c.q.c.QdmCareGiverClientsApplication - The following profiles are active: dev
