2020-08-20 19:45:45 [restartedMain] INFO  c.q.c.QdmCareGiverClientsApplication - Starting QdmCareGiverClientsApplication on LAPTOP-GBKRVFU8 with PID 6212 (C:\Users\nandh\Documents\Prodian Project code\Nandhinee-Clients Cors\qdm-care-giver-clients\target\classes started by nandh in C:\Users\nandh\Documents\Prodian Project code\Nandhinee-Clients Cors\qdm-care-giver-clients)
2020-08-20 19:45:45 [restartedMain] DEBUG c.q.c.QdmCareGiverClientsApplication - Running with Spring Boot v2.3.2.RELEASE, Spring v5.2.8.RELEASE
2020-08-20 19:45:45 [restartedMain] INFO  c.q.c.QdmCareGiverClientsApplication - The following profiles are active: dev
2020-08-20 19:45:49 [restartedMain] INFO  c.q.c.QdmCareGiverClientsApplication - Started QdmCareGiverClientsApplication in 4.442 seconds (JVM running for 5.428)
2020-08-20 19:46:02 [restartedMain] INFO  c.q.c.QdmCareGiverClientsApplication - Starting QdmCareGiverClientsApplication on LAPTOP-GBKRVFU8 with PID 6212 (C:\Users\nandh\Documents\Prodian Project code\Nandhinee-Clients Cors\qdm-care-giver-clients\target\classes started by nandh in C:\Users\nandh\Documents\Prodian Project code\Nandhinee-Clients Cors\qdm-care-giver-clients)
2020-08-20 19:46:02 [restartedMain] DEBUG c.q.c.QdmCareGiverClientsApplication - Running with Spring Boot v2.3.2.RELEASE, Spring v5.2.8.RELEASE
2020-08-20 19:46:02 [restartedMain] INFO  c.q.c.QdmCareGiverClientsApplication - The following profiles are active: dev
2020-08-20 19:46:03 [restartedMain] INFO  c.q.c.QdmCareGiverClientsApplication - Started QdmCareGiverClientsApplication in 1.247 seconds (JVM running for 19.511)
2020-08-20 19:46:58 [http-nio-8444-exec-2] INFO  c.q.c.c.controller.ClientController - Client Created Successfully With ClientId : 1
2020-08-20 19:47:23 [http-nio-8444-exec-3] INFO  c.q.c.c.controller.ClientController - Clients List [{is_active=Active, upcoming_activity=Initial asessment, gender=Male, status_type=Needs medical attention, contact=99999999, name=test, profile_pic=http://localhost:8444/careGiver/clients/downloadFile/1, id=1, age=1, email=test}]
2020-08-20 19:47:44 [http-nio-8444-exec-4] INFO  c.q.c.c.controller.ClientController - ClientById {subscriptions=[], is_active=Active, gender=Male, status_type=, mobile_no=99999999, profile_pic=http://localhost:8444/careGiver/clients/downloadFile/1, recent_vital_signs=[{vital_sign=Body Temperature, value=98, measure_unit=Celsius}, {vital_sign=Blood Pressure, value=Normal, measure_unit=}, {vital_sign=Pulse Rate, value=98, measure_unit=Bpm}, {vital_sign=Respiration Rate, value=99, measure_unit=Bpm}], upcoming_activity=Initial asessment, user_type=Pro, name=test, id=1, age=1, email=test, emergency_contact={contact_name=test, mobile_no=999999999}}
2020-08-20 19:49:21 [restartedMain] INFO  c.q.c.QdmCareGiverClientsApplication - Starting QdmCareGiverClientsApplication on LAPTOP-GBKRVFU8 with PID 6212 (C:\Users\nandh\Documents\Prodian Project code\Nandhinee-Clients Cors\qdm-care-giver-clients\target\classes started by nandh in C:\Users\nandh\Documents\Prodian Project code\Nandhinee-Clients Cors\qdm-care-giver-clients)
2020-08-20 19:49:21 [restartedMain] DEBUG c.q.c.QdmCareGiverClientsApplication - Running with Spring Boot v2.3.2.RELEASE, Spring v5.2.8.RELEASE
2020-08-20 19:49:21 [restartedMain] INFO  c.q.c.QdmCareGiverClientsApplication - The following profiles are active: dev
2020-08-20 19:49:22 [restartedMain] INFO  c.q.c.QdmCareGiverClientsApplication - Started QdmCareGiverClientsApplication in 1.265 seconds (JVM running for 218.758)
2020-08-20 19:49:37 [restartedMain] INFO  c.q.c.QdmCareGiverClientsApplication - Starting QdmCareGiverClientsApplication on LAPTOP-GBKRVFU8 with PID 6212 (C:\Users\nandh\Documents\Prodian Project code\Nandhinee-Clients Cors\qdm-care-giver-clients\target\classes started by nandh in C:\Users\nandh\Documents\Prodian Project code\Nandhinee-Clients Cors\qdm-care-giver-clients)
2020-08-20 19:49:37 [restartedMain] DEBUG c.q.c.QdmCareGiverClientsApplication - Running with Spring Boot v2.3.2.RELEASE, Spring v5.2.8.RELEASE
2020-08-20 19:49:37 [restartedMain] INFO  c.q.c.QdmCareGiverClientsApplication - The following profiles are active: dev
2020-08-20 19:49:41 [restartedMain] INFO  c.q.c.QdmCareGiverClientsApplication - Starting QdmCareGiverClientsApplication on LAPTOP-GBKRVFU8 with PID 6212 (C:\Users\nandh\Documents\Prodian Project code\Nandhinee-Clients Cors\qdm-care-giver-clients\target\classes started by nandh in C:\Users\nandh\Documents\Prodian Project code\Nandhinee-Clients Cors\qdm-care-giver-clients)
2020-08-20 19:49:41 [restartedMain] DEBUG c.q.c.QdmCareGiverClientsApplication - Running with Spring Boot v2.3.2.RELEASE, Spring v5.2.8.RELEASE
2020-08-20 19:49:41 [restartedMain] INFO  c.q.c.QdmCareGiverClientsApplication - The following profiles are active: dev
2020-08-20 19:54:53 [restartedMain] INFO  c.q.c.QdmCareGiverClientsApplication - Starting QdmCareGiverClientsApplication on LAPTOP-GBKRVFU8 with PID 1412 (C:\Users\nandh\Documents\Prodian Project code\Nandhinee-Clients Cors\qdm-care-giver-clients\target\classes started by nandh in C:\Users\nandh\Documents\Prodian Project code\Nandhinee-Clients Cors\qdm-care-giver-clients)
2020-08-20 19:54:53 [restartedMain] DEBUG c.q.c.QdmCareGiverClientsApplication - Running with Spring Boot v2.3.2.RELEASE, Spring v5.2.8.RELEASE
2020-08-20 19:54:53 [restartedMain] INFO  c.q.c.QdmCareGiverClientsApplication - The following profiles are active: dev
2020-08-20 19:54:57 [restartedMain] INFO  c.q.c.QdmCareGiverClientsApplication - Started QdmCareGiverClientsApplication in 4.403 seconds (JVM running for 5.238)
2020-08-20 19:56:05 [http-nio-8444-exec-2] INFO  c.q.c.c.controller.ClientController - Client Created Successfully With ClientId : 1
2020-08-20 19:56:12 [http-nio-8444-exec-3] INFO  c.q.c.c.controller.ClientController - Clients List [{is_active=Active, upcoming_activity=Initial asessment, gender=Male, status_type=Needs medical attention, contact=99999999, name=test, profile_pic=http://localhost:8444/careGiver/clients/downloadFile/1, id=1, age=1, email=test}]
2020-08-20 19:56:17 [http-nio-8444-exec-4] INFO  c.q.c.c.controller.ClientController - ClientById {subscriptions=[], is_active=Active, gender=Male, status_type=, mobile_no=99999999, profile_pic=http://localhost:8444/careGiver/clients/downloadFile/1, recent_vital_signs=[{vital_sign=Body Temperature, value=98, measure_unit=Celsius}, {vital_sign=Blood Pressure, value=Normal, measure_unit=}, {vital_sign=Pulse Rate, value=98, measure_unit=Bpm}, {vital_sign=Respiration Rate, value=99, measure_unit=Bpm}], upcoming_activity=Initial asessment, user_type=Pro, name=test, id=1, age=1, email=test, emergency_contact={contact_name=test, mobile_no=999999999}}
2020-08-21 10:40:19 [restartedMain] INFO  c.q.c.QdmCareGiverClientsApplication - Starting QdmCareGiverClientsApplication on LAPTOP-GBKRVFU8 with PID 2452 (D:\Prodian Regardings\Latest Code\CareGiver-Clients--master\CareGiver-Clients--master\qdm-care-giver-clients\target\classes started by nandh in D:\Prodian Regardings\Latest Code\CareGiver-Clients--master\CareGiver-Clients--master\qdm-care-giver-clients)
2020-08-21 10:40:19 [restartedMain] DEBUG c.q.c.QdmCareGiverClientsApplication - Running with Spring Boot v2.3.2.RELEASE, Spring v5.2.8.RELEASE
2020-08-21 10:40:19 [restartedMain] INFO  c.q.c.QdmCareGiverClientsApplication - The following profiles are active: dev
2020-08-21 10:40:22 [restartedMain] INFO  c.q.c.QdmCareGiverClientsApplication - Started QdmCareGiverClientsApplication in 2.93 seconds (JVM running for 3.609)
2020-08-21 16:31:51 [restartedMain] INFO  c.q.c.QdmCareGiverClientsApplication - Starting QdmCareGiverClientsApplication on LAPTOP-GBKRVFU8 with PID 6548 (C:\Users\nandh\git\QDM\qdm-care-giver-clients\target\classes started by nandh in C:\Users\nandh\git\QDM\qdm-care-giver-clients)
2020-08-21 16:31:51 [restartedMain] DEBUG c.q.c.QdmCareGiverClientsApplication - Running with Spring Boot v2.3.2.RELEASE, Spring v5.2.8.RELEASE
2020-08-21 16:31:51 [restartedMain] INFO  c.q.c.QdmCareGiverClientsApplication - The following profiles are active: dev
2020-08-21 16:31:54 [restartedMain] INFO  c.q.c.QdmCareGiverClientsApplication - Started QdmCareGiverClientsApplication in 3.529 seconds (JVM running for 4.222)
2020-08-21 16:32:29 [http-nio-8444-exec-2] INFO  c.q.c.c.controller.ClientController - Client Created Successfully With ClientId : 1
2020-08-21 16:32:53 [http-nio-8444-exec-3] INFO  c.q.c.c.controller.ClientController - Clients List [{is_active=Active, upcoming_activity=Initial asessment, gender=Male, status_type=Needs medical attention, contact=99999999, name=test, profile_pic=http://localhost:8444/careGiver/clients/downloadFile/1, id=1, age=1, email=test}]
2020-08-21 16:33:10 [http-nio-8444-exec-4] INFO  c.q.c.c.controller.ClientController - ClientById {subscriptions=[], is_active=Active, gender=Male, status_type=, mobile_no=99999999, profile_pic=http://localhost:8444/careGiver/clients/downloadFile/1, recent_vital_signs=[{vital_sign=Body Temperature, value=98, color_code=#DC143C, measure_unit=Celsius}, {vital_sign=Blood Pressure, value=Normal, color_code=#008000, measure_unit=Normal}, {vital_sign=Pulse Rate, value=98, color_code=#008000, measure_unit=Bpm}, {vital_sign=Respiration Rate, value=99, color_code=#FCFC0B, measure_unit=Bpm}], upcoming_activity=Initial asessment, user_type=Pro, name=test, id=1, age=1, email=test, emergency_contact={contact_name=test, mobile_no=999999999}}
2020-08-21 16:36:26 [restartedMain] INFO  c.q.c.QdmCareGiverClientsApplication - Starting QdmCareGiverClientsApplication on LAPTOP-GBKRVFU8 with PID 6548 (C:\Users\nandh\git\QDM\qdm-care-giver-clients\target\classes started by nandh in C:\Users\nandh\git\QDM\qdm-care-giver-clients)
2020-08-21 16:36:26 [restartedMain] DEBUG c.q.c.QdmCareGiverClientsApplication - Running with Spring Boot v2.3.2.RELEASE, Spring v5.2.8.RELEASE
2020-08-21 16:36:26 [restartedMain] INFO  c.q.c.QdmCareGiverClientsApplication - The following profiles are active: dev
2020-08-21 16:36:27 [restartedMain] INFO  c.q.c.QdmCareGiverClientsApplication - Started QdmCareGiverClientsApplication in 0.98 seconds (JVM running for 276.944)
2020-08-21 16:39:40 [restartedMain] INFO  c.q.c.QdmCareGiverClientsApplication - Starting QdmCareGiverClientsApplication on LAPTOP-GBKRVFU8 with PID 6548 (C:\Users\nandh\git\QDM\qdm-care-giver-clients\target\classes started by nandh in C:\Users\nandh\git\QDM\qdm-care-giver-clients)
2020-08-21 16:39:40 [restartedMain] DEBUG c.q.c.QdmCareGiverClientsApplication - Running with Spring Boot v2.3.2.RELEASE, Spring v5.2.8.RELEASE
2020-08-21 16:39:40 [restartedMain] INFO  c.q.c.QdmCareGiverClientsApplication - The following profiles are active: dev
2020-08-21 16:39:41 [restartedMain] INFO  c.q.c.QdmCareGiverClientsApplication - Started QdmCareGiverClientsApplication in 1.16 seconds (JVM running for 470.66)
2020-08-21 16:42:13 [restartedMain] INFO  c.q.c.QdmCareGiverClientsApplication - Starting QdmCareGiverClientsApplication on LAPTOP-GBKRVFU8 with PID 6548 (C:\Users\nandh\git\QDM\qdm-care-giver-clients\target\classes started by nandh in C:\Users\nandh\git\QDM\qdm-care-giver-clients)
2020-08-21 16:42:13 [restartedMain] DEBUG c.q.c.QdmCareGiverClientsApplication - Running with Spring Boot v2.3.2.RELEASE, Spring v5.2.8.RELEASE
2020-08-21 16:42:13 [restartedMain] INFO  c.q.c.QdmCareGiverClientsApplication - The following profiles are active: dev
2020-08-21 16:42:13 [restartedMain] INFO  c.q.c.QdmCareGiverClientsApplication - Started QdmCareGiverClientsApplication in 0.916 seconds (JVM running for 623.319)
2020-08-21 16:44:09 [restartedMain] INFO  c.q.c.QdmCareGiverClientsApplication - Starting QdmCareGiverClientsApplication on LAPTOP-GBKRVFU8 with PID 6548 (C:\Users\nandh\git\QDM\qdm-care-giver-clients\target\classes started by nandh in C:\Users\nandh\git\QDM\qdm-care-giver-clients)
2020-08-21 16:44:09 [restartedMain] DEBUG c.q.c.QdmCareGiverClientsApplication - Running with Spring Boot v2.3.2.RELEASE, Spring v5.2.8.RELEASE
2020-08-21 16:44:09 [restartedMain] INFO  c.q.c.QdmCareGiverClientsApplication - The following profiles are active: dev
2020-08-21 16:44:10 [restartedMain] INFO  c.q.c.QdmCareGiverClientsApplication - Started QdmCareGiverClientsApplication in 0.93 seconds (JVM running for 740.055)
2020-08-21 16:44:16 [http-nio-8444-exec-2] INFO  c.q.c.c.controller.ClientController - Client Created Successfully With ClientId : 1
2020-08-21 16:44:26 [http-nio-8444-exec-3] INFO  c.q.c.c.controller.ClientController - Clients List [{is_active=Active, upcoming_activity=Initial asessment, gender=Male, status_type=Needs medical attention, contact=99999999, name=test, profile_pic=http://localhost:8444/careGiver/clients/downloadFile/1, id=1, age=1, email=test}]
2020-08-21 16:44:32 [http-nio-8444-exec-4] INFO  c.q.c.c.controller.ClientController - ClientById {subscriptions=[], is_active=Active, gender=Male, status_type=, mobile_no=99999999, profile_pic=http://localhost:8444/careGiver/clients/downloadFile/1, recent_vital_signs=[{vital_sign=Body Temperature, value=98, color_code=#DC143C, measure_unit=Celsius}, {vital_sign=Blood Pressure, value=Normal, color_code=#008000, measure_unit=Normal}, {vital_sign=Pulse Rate, value=98, color_code=#008000, measure_unit=Bpm}, {vital_sign=Respiration Rate, value=99, color_code=#FCFC0B, measure_unit=Bpm}], mobile_no_isd_code=91, upcoming_activity=Initial asessment, user_type=Pro, name=test, id=1, age=1, email=test, emergency_contact={contact_name=test, mobile_no=999999999}}
2020-08-21 16:49:47 [restartedMain] INFO  c.q.c.QdmCareGiverClientsApplication - Starting QdmCareGiverClientsApplication on LAPTOP-GBKRVFU8 with PID 6548 (C:\Users\nandh\git\QDM\qdm-care-giver-clients\target\classes started by nandh in C:\Users\nandh\git\QDM\qdm-care-giver-clients)
2020-08-21 16:49:47 [restartedMain] DEBUG c.q.c.QdmCareGiverClientsApplication - Running with Spring Boot v2.3.2.RELEASE, Spring v5.2.8.RELEASE
2020-08-21 16:49:47 [restartedMain] INFO  c.q.c.QdmCareGiverClientsApplication - The following profiles are active: dev
2020-08-21 16:49:48 [restartedMain] INFO  c.q.c.QdmCareGiverClientsApplication - Started QdmCareGiverClientsApplication in 0.952 seconds (JVM running for 1077.432)
2020-08-21 16:50:21 [restartedMain] INFO  c.q.c.QdmCareGiverClientsApplication - Starting QdmCareGiverClientsApplication on LAPTOP-GBKRVFU8 with PID 6548 (C:\Users\nandh\git\QDM\qdm-care-giver-clients\target\classes started by nandh in C:\Users\nandh\git\QDM\qdm-care-giver-clients)
2020-08-21 16:50:21 [restartedMain] DEBUG c.q.c.QdmCareGiverClientsApplication - Running with Spring Boot v2.3.2.RELEASE, Spring v5.2.8.RELEASE
2020-08-21 16:50:21 [restartedMain] INFO  c.q.c.QdmCareGiverClientsApplication - The following profiles are active: dev
2020-08-21 16:50:22 [restartedMain] INFO  c.q.c.QdmCareGiverClientsApplication - Started QdmCareGiverClientsApplication in 0.921 seconds (JVM running for 1111.698)
2020-08-21 16:51:23 [restartedMain] INFO  c.q.c.QdmCareGiverClientsApplication - Starting QdmCareGiverClientsApplication on LAPTOP-GBKRVFU8 with PID 6548 (C:\Users\nandh\git\QDM\qdm-care-giver-clients\target\classes started by nandh in C:\Users\nandh\git\QDM\qdm-care-giver-clients)
2020-08-21 16:51:23 [restartedMain] DEBUG c.q.c.QdmCareGiverClientsApplication - Running with Spring Boot v2.3.2.RELEASE, Spring v5.2.8.RELEASE
2020-08-21 16:51:23 [restartedMain] INFO  c.q.c.QdmCareGiverClientsApplication - The following profiles are active: dev
2020-08-21 16:51:24 [restartedMain] INFO  c.q.c.QdmCareGiverClientsApplication - Started QdmCareGiverClientsApplication in 0.889 seconds (JVM running for 1173.408)
2020-08-21 16:52:13 [http-nio-8444-exec-2] INFO  c.q.c.c.controller.ClientController - Client Created Successfully With ClientId : 1
2020-08-21 16:52:19 [http-nio-8444-exec-4] INFO  c.q.c.c.controller.ClientController - Clients List [{is_active=Active, upcoming_activity=Initial asessment, gender=Male, status_type=Needs medical attention, contact=99999999, name=test, profile_pic=http://localhost:8444/careGiver/clients/downloadFile/1, id=1, age=1, email=test}]
2020-08-21 16:52:27 [http-nio-8444-exec-3] INFO  c.q.c.c.controller.ClientController - ClientById {subscriptions=[], is_active=Active, gender=Male, status_type=, mobile_no=99999999, profile_pic=http://localhost:8444/careGiver/clients/downloadFile/1, recent_vital_signs=[{vital_sign=Body Temperature, value=98, color_code=#DC143C, measure_unit=Celsius}, {vital_sign=Blood Pressure, value=Normal, color_code=#008000, measure_unit=Normal}, {vital_sign=Pulse Rate, value=98, color_code=#008000, measure_unit=Bpm}, {vital_sign=Respiration Rate, value=99, color_code=#FCFC0B, measure_unit=Bpm}], mobile_no_isd_code=91, upcoming_activity=Initial asessment, user_type=Pro, name=test, id=1, age=1, email=test, emergency_contact={contact_name=test, mobile_no_isd_code=91, mobile_no=999999999}}
2020-08-21 16:54:38 [http-nio-8444-exec-7] INFO  c.q.c.c.controller.ClientController - Client Created Successfully With ClientId : 2
2020-08-21 16:54:43 [http-nio-8444-exec-8] INFO  c.q.c.c.controller.ClientController - Clients List [{is_active=Active, upcoming_activity=Initial asessment, gender=Male, status_type=Needs medical attention, contact=99999999, name=test, profile_pic=http://localhost:8444/careGiver/clients/downloadFile/1, id=1, age=1, email=test}, {is_active=Active, upcoming_activity=Initial asessment, gender=Male, status_type=Needs medical attention, contact=99999999, name=test, profile_pic=http://localhost:8444/careGiver/clients/downloadFile/2, id=2, age=-76, email=test}]
2020-08-21 16:55:10 [http-nio-8444-exec-10] INFO  c.q.c.c.controller.ClientController - Client Created Successfully With ClientId : 3
2020-08-21 16:55:16 [http-nio-8444-exec-9] INFO  c.q.c.c.controller.ClientController - Clients List [{is_active=Active, upcoming_activity=Initial asessment, gender=Male, status_type=Needs medical attention, contact=99999999, name=test, profile_pic=http://localhost:8444/careGiver/clients/downloadFile/1, id=1, age=1, email=test}, {is_active=Active, upcoming_activity=Initial asessment, gender=Male, status_type=Needs medical attention, contact=99999999, name=test, profile_pic=http://localhost:8444/careGiver/clients/downloadFile/2, id=2, age=-76, email=test}, {is_active=Active, upcoming_activity=Initial asessment, gender=Male, status_type=Needs medical attention, contact=99999999, name=test, profile_pic=http://localhost:8444/careGiver/clients/downloadFile/3, id=3, age=23, email=test}]
2020-08-21 16:57:20 [restartedMain] INFO  c.q.c.QdmCareGiverClientsApplication - Starting QdmCareGiverClientsApplication on LAPTOP-GBKRVFU8 with PID 6548 (C:\Users\nandh\git\QDM\qdm-care-giver-clients\target\classes started by nandh in C:\Users\nandh\git\QDM\qdm-care-giver-clients)
2020-08-21 16:57:20 [restartedMain] DEBUG c.q.c.QdmCareGiverClientsApplication - Running with Spring Boot v2.3.2.RELEASE, Spring v5.2.8.RELEASE
2020-08-21 16:57:20 [restartedMain] INFO  c.q.c.QdmCareGiverClientsApplication - The following profiles are active: dev
