2020-08-13 19:07:40 [restartedMain] INFO  c.q.c.QdmCareGiverClientsApplication - Starting QdmCareGiverClientsApplication on LAPTOP-GBKRVFU8 with PID 16104 (E:\Company Regardings\Workspace\Boot Regardings\Workspace-4\qdm-care-giver-clients\target\classes started by nandh in E:\Company Regardings\Workspace\Boot Regardings\Workspace-4\qdm-care-giver-clients)
2020-08-13 19:07:40 [restartedMain] DEBUG c.q.c.QdmCareGiverClientsApplication - Running with Spring Boot v2.3.2.RELEASE, Spring v5.2.8.RELEASE
2020-08-13 19:07:40 [restartedMain] INFO  c.q.c.QdmCareGiverClientsApplication - The following profiles are active: dev
2020-08-13 19:07:43 [restartedMain] INFO  c.q.c.QdmCareGiverClientsApplication - Started QdmCareGiverClientsApplication in 3.55 seconds (JVM running for 4.254)
2020-08-13 19:07:49 [http-nio-9999-exec-2] INFO  c.q.c.c.controller.DetailsController - No Clients Found with Id :  13
2020-08-13 19:07:53 [http-nio-9999-exec-3] INFO  c.q.c.c.controller.DetailsController - ClientById {gender=MALE, clientName=Client1, details=Details(id=1, email=client1@gmail.com, contactNumber=99999999, emergencyContactNumber=99999999, bodyTemperature=98 Degree C, bloodPressure=Normal, respirationRate=30-60 Bpm, pulseRate=73 Bpm, subscriptions=[101, 102]), subscription=[Subscriptions(id=1, subscriptionId=101, subscriptionName=Subscription1), Subscriptions(id=2, subscriptionId=102, subscriptionName=Subscription2)], age=40}
2020-08-13 19:15:35 [restartedMain] INFO  c.q.c.QdmCareGiverClientsApplication - Starting QdmCareGiverClientsApplication on LAPTOP-GBKRVFU8 with PID 7012 (E:\Company Regardings\Workspace\Boot Regardings\Workspace-4\qdm-care-giver-clients\target\classes started by nandh in E:\Company Regardings\Workspace\Boot Regardings\Workspace-4\qdm-care-giver-clients)
2020-08-13 19:15:35 [restartedMain] DEBUG c.q.c.QdmCareGiverClientsApplication - Running with Spring Boot v2.3.2.RELEASE, Spring v5.2.8.RELEASE
2020-08-13 19:15:35 [restartedMain] INFO  c.q.c.QdmCareGiverClientsApplication - The following profiles are active: dev
2020-08-13 19:15:38 [restartedMain] INFO  c.q.c.QdmCareGiverClientsApplication - Started QdmCareGiverClientsApplication in 3.507 seconds (JVM running for 4.202)
2020-08-13 19:15:57 [http-nio-9999-exec-1] ERROR c.q.c.c.c.SubscriptionsController - Error Occured At getSubscriptionsList : could not extract ResultSet; SQL [n/a]; nested exception is org.hibernate.exception.SQLGrammarException: could not extract ResultSet
2020-08-13 19:16:17 [restartedMain] INFO  c.q.c.QdmCareGiverClientsApplication - Starting QdmCareGiverClientsApplication on LAPTOP-GBKRVFU8 with PID 7012 (E:\Company Regardings\Workspace\Boot Regardings\Workspace-4\qdm-care-giver-clients\target\classes started by nandh in E:\Company Regardings\Workspace\Boot Regardings\Workspace-4\qdm-care-giver-clients)
2020-08-13 19:16:17 [restartedMain] DEBUG c.q.c.QdmCareGiverClientsApplication - Running with Spring Boot v2.3.2.RELEASE, Spring v5.2.8.RELEASE
2020-08-13 19:16:17 [restartedMain] INFO  c.q.c.QdmCareGiverClientsApplication - The following profiles are active: dev
2020-08-13 19:16:18 [restartedMain] INFO  c.q.c.QdmCareGiverClientsApplication - Started QdmCareGiverClientsApplication in 0.929 seconds (JVM running for 44.24)
2020-08-13 19:16:25 [restartedMain] INFO  c.q.c.QdmCareGiverClientsApplication - Starting QdmCareGiverClientsApplication on LAPTOP-GBKRVFU8 with PID 7012 (E:\Company Regardings\Workspace\Boot Regardings\Workspace-4\qdm-care-giver-clients\target\classes started by nandh in E:\Company Regardings\Workspace\Boot Regardings\Workspace-4\qdm-care-giver-clients)
2020-08-13 19:16:25 [restartedMain] DEBUG c.q.c.QdmCareGiverClientsApplication - Running with Spring Boot v2.3.2.RELEASE, Spring v5.2.8.RELEASE
2020-08-13 19:16:25 [restartedMain] INFO  c.q.c.QdmCareGiverClientsApplication - The following profiles are active: dev
2020-08-13 19:16:26 [restartedMain] INFO  c.q.c.QdmCareGiverClientsApplication - Started QdmCareGiverClientsApplication in 1.372 seconds (JVM running for 52.352)
2020-08-13 19:16:39 [http-nio-9999-exec-2] INFO  c.q.c.c.c.SubscriptionsController - Care Givers List []
2020-08-13 19:17:11 [http-nio-9999-exec-3] ERROR c.q.c.c.c.SubscriptionsController - Error Occured At AddSubscription : could not execute statement; SQL [n/a]; constraint [details_details_id]; nested exception is org.hibernate.exception.ConstraintViolationException: could not execute statement
2020-08-13 19:17:18 [http-nio-9999-exec-5] ERROR c.q.c.c.c.SubscriptionsController - Error Occured At AddSubscription : could not execute statement; SQL [n/a]; constraint [details_details_id]; nested exception is org.hibernate.exception.ConstraintViolationException: could not execute statement
2020-08-13 19:17:58 [restartedMain] INFO  c.q.c.QdmCareGiverClientsApplication - Starting QdmCareGiverClientsApplication on LAPTOP-GBKRVFU8 with PID 7012 (E:\Company Regardings\Workspace\Boot Regardings\Workspace-4\qdm-care-giver-clients\target\classes started by nandh in E:\Company Regardings\Workspace\Boot Regardings\Workspace-4\qdm-care-giver-clients)
2020-08-13 19:17:58 [restartedMain] DEBUG c.q.c.QdmCareGiverClientsApplication - Running with Spring Boot v2.3.2.RELEASE, Spring v5.2.8.RELEASE
2020-08-13 19:17:58 [restartedMain] INFO  c.q.c.QdmCareGiverClientsApplication - The following profiles are active: dev
2020-08-13 19:17:59 [restartedMain] INFO  c.q.c.QdmCareGiverClientsApplication - Started QdmCareGiverClientsApplication in 1.154 seconds (JVM running for 145.367)
2020-08-13 19:18:04 [http-nio-9999-exec-2] ERROR c.q.c.c.c.SubscriptionsController - Error Occured At AddSubscription : could not execute statement; SQL [n/a]; constraint [details_details_id]; nested exception is org.hibernate.exception.ConstraintViolationException: could not execute statement
2020-08-13 19:18:25 [restartedMain] INFO  c.q.c.QdmCareGiverClientsApplication - Starting QdmCareGiverClientsApplication on LAPTOP-GBKRVFU8 with PID 7012 (E:\Company Regardings\Workspace\Boot Regardings\Workspace-4\qdm-care-giver-clients\target\classes started by nandh in E:\Company Regardings\Workspace\Boot Regardings\Workspace-4\qdm-care-giver-clients)
2020-08-13 19:18:25 [restartedMain] DEBUG c.q.c.QdmCareGiverClientsApplication - Running with Spring Boot v2.3.2.RELEASE, Spring v5.2.8.RELEASE
2020-08-13 19:18:25 [restartedMain] INFO  c.q.c.QdmCareGiverClientsApplication - The following profiles are active: dev
2020-08-13 19:18:26 [restartedMain] INFO  c.q.c.QdmCareGiverClientsApplication - Started QdmCareGiverClientsApplication in 0.881 seconds (JVM running for 172.152)
2020-08-13 19:18:29 [restartedMain] INFO  c.q.c.QdmCareGiverClientsApplication - Starting QdmCareGiverClientsApplication on LAPTOP-GBKRVFU8 with PID 7012 (E:\Company Regardings\Workspace\Boot Regardings\Workspace-4\qdm-care-giver-clients\target\classes started by nandh in E:\Company Regardings\Workspace\Boot Regardings\Workspace-4\qdm-care-giver-clients)
2020-08-13 19:18:29 [restartedMain] DEBUG c.q.c.QdmCareGiverClientsApplication - Running with Spring Boot v2.3.2.RELEASE, Spring v5.2.8.RELEASE
2020-08-13 19:18:29 [restartedMain] INFO  c.q.c.QdmCareGiverClientsApplication - The following profiles are active: dev
2020-08-13 19:18:30 [restartedMain] INFO  c.q.c.QdmCareGiverClientsApplication - Started QdmCareGiverClientsApplication in 1.176 seconds (JVM running for 175.989)
2020-08-13 19:18:39 [http-nio-9999-exec-2] ERROR c.q.c.c.c.SubscriptionsController - Error Occured At AddSubscription : could not execute statement; SQL [n/a]; constraint [details_details_id]; nested exception is org.hibernate.exception.ConstraintViolationException: could not execute statement
2020-08-13 19:33:39 [restartedMain] INFO  c.q.c.QdmCareGiverClientsApplication - Starting QdmCareGiverClientsApplication on LAPTOP-GBKRVFU8 with PID 6240 (E:\Company Regardings\Workspace\Boot Regardings\Workspace-4\qdm-care-giver-clients\target\classes started by nandh in E:\Company Regardings\Workspace\Boot Regardings\Workspace-4\qdm-care-giver-clients)
2020-08-13 19:33:39 [restartedMain] DEBUG c.q.c.QdmCareGiverClientsApplication - Running with Spring Boot v2.3.2.RELEASE, Spring v5.2.8.RELEASE
2020-08-13 19:33:39 [restartedMain] INFO  c.q.c.QdmCareGiverClientsApplication - The following profiles are active: dev
2020-08-13 19:33:40 [restartedMain] INFO  c.q.c.QdmCareGiverClientsApplication - Started QdmCareGiverClientsApplication in 0.949 seconds (JVM running for 244.288)
2020-08-13 19:36:04 [restartedMain] INFO  c.q.c.QdmCareGiverClientsApplication - Starting QdmCareGiverClientsApplication on LAPTOP-GBKRVFU8 with PID 404 (E:\Company Regardings\Workspace\Boot Regardings\Workspace-4\qdm-care-giver-clients\target\classes started by nandh in E:\Company Regardings\Workspace\Boot Regardings\Workspace-4\qdm-care-giver-clients)
2020-08-13 19:36:04 [restartedMain] DEBUG c.q.c.QdmCareGiverClientsApplication - Running with Spring Boot v2.3.2.RELEASE, Spring v5.2.8.RELEASE
2020-08-13 19:36:04 [restartedMain] INFO  c.q.c.QdmCareGiverClientsApplication - The following profiles are active: dev
2020-08-13 19:36:07 [restartedMain] INFO  c.q.c.QdmCareGiverClientsApplication - Started QdmCareGiverClientsApplication in 3.138 seconds (JVM running for 3.809)
2020-08-13 19:36:42 [http-nio-9999-exec-1] INFO  c.q.c.c.controller.DetailsController - No Clients Found with Id :  1
2020-08-13 19:37:20 [http-nio-9999-exec-3] INFO  c.q.c.c.c.SubscriptionsController - Subscription Created Successfully With subscriptionId : 101
2020-08-13 19:37:27 [http-nio-9999-exec-4] INFO  c.q.c.c.c.SubscriptionsController - Subscription Created Successfully With subscriptionId : 102
2020-08-13 19:37:43 [http-nio-9999-exec-5] INFO  c.q.c.c.c.SubscriptionsController - Care Givers List [Subscriptions(id=1, subscriptionId=101, subscriptionName=Subscription1), Subscriptions(id=2, subscriptionId=102, subscriptionName=Subscription2)]
2020-08-13 19:38:54 [http-nio-9999-exec-8] INFO  c.q.c.c.controller.ClientsController - Client Created Successfully With ClientId : 1
2020-08-13 19:39:09 [http-nio-9999-exec-9] INFO  c.q.c.c.controller.ClientsController - Clients List [{gender=MALE, clientName=Client1, age=40}]
2020-08-13 19:39:34 [http-nio-9999-exec-10] INFO  c.q.c.c.controller.DetailsController - Client Updated Successfully with Id 1
2020-08-13 19:39:52 [http-nio-9999-exec-2] INFO  c.q.c.c.controller.DetailsController - ClientById {gender=MALE, clientName=Client1, details=Details(id=1, email=client1@gmail.com, contactNumber=99999999, emergencyContactNumber=99999999, bodyTemperature=98 Degree C, bloodPressure=Normal, respirationRate=30-60 Bpm, pulseRate=73 Bpm, subscriptions=[101]), subscription=[Subscriptions(id=1, subscriptionId=101, subscriptionName=Subscription1)], age=40}
2020-08-13 19:52:31 [restartedMain] INFO  c.q.c.QdmCareGiverClientsApplication - Starting QdmCareGiverClientsApplication on LAPTOP-GBKRVFU8 with PID 15460 (C:\Users\nandh\Documents\Vijay\qdm-care-giver-clients\target\classes started by nandh in C:\Users\nandh\Documents\Vijay\qdm-care-giver-clients)
2020-08-13 19:52:31 [restartedMain] DEBUG c.q.c.QdmCareGiverClientsApplication - Running with Spring Boot v2.3.2.RELEASE, Spring v5.2.8.RELEASE
2020-08-13 19:52:31 [restartedMain] INFO  c.q.c.QdmCareGiverClientsApplication - The following profiles are active: dev
2020-08-13 19:52:34 [restartedMain] INFO  c.q.c.QdmCareGiverClientsApplication - Started QdmCareGiverClientsApplication in 3.279 seconds (JVM running for 4.009)
2020-08-13 19:52:40 [http-nio-9999-exec-2] INFO  c.q.c.c.controller.DetailsController - No Clients Found with Id :  1
2020-08-13 19:53:12 [http-nio-9999-exec-3] INFO  c.q.c.c.controller.ClientsController - Client Created Successfully With ClientId : 1
2020-08-13 19:53:29 [http-nio-9999-exec-4] INFO  c.q.c.c.controller.ClientsController - Clients List [{gender=MALE, clientName=Client1, age=40}]
2020-08-13 19:53:48 [http-nio-9999-exec-5] INFO  c.q.c.c.controller.DetailsController - ClientById {gender=MALE, clientName=Client1, details=Details(id=1, email=client1@gmail.com, contactNumber=99999999, emergencyContactNumber=99999999, bodyTemperature=98 Degree C, bloodPressure=Normal, respirationRate=30-60 Bpm, pulseRate=73 Bpm, subscriptions=[]), subscription=[], age=40}
